\BOOKMARK [0][-]{chapter.1}{\376\377\0001\000\040\000H\000i\000e\000r\000a\000r\000c\000h\000i\000c\000a\000l\000\040\000I\000n\000d\000e\000x}{}% 1
\BOOKMARK [1][-]{section.1.1}{\376\377\0001\000.\0001\000\040\000C\000l\000a\000s\000s\000\040\000H\000i\000e\000r\000a\000r\000c\000h\000y}{chapter.1}% 2
\BOOKMARK [0][-]{chapter.2}{\376\377\0002\000\040\000C\000l\000a\000s\000s\000\040\000I\000n\000d\000e\000x}{}% 3
\BOOKMARK [1][-]{section.2.1}{\376\377\0002\000.\0001\000\040\000C\000l\000a\000s\000s\000\040\000L\000i\000s\000t}{chapter.2}% 4
\BOOKMARK [0][-]{chapter.3}{\376\377\0003\000\040\000F\000i\000l\000e\000\040\000I\000n\000d\000e\000x}{}% 5
\BOOKMARK [1][-]{section.3.1}{\376\377\0003\000.\0001\000\040\000F\000i\000l\000e\000\040\000L\000i\000s\000t}{chapter.3}% 6
\BOOKMARK [0][-]{chapter.4}{\376\377\0004\000\040\000C\000l\000a\000s\000s\000\040\000D\000o\000c\000u\000m\000e\000n\000t\000a\000t\000i\000o\000n}{}% 7
\BOOKMARK [1][-]{section.4.1}{\376\377\0004\000.\0001\000\040\000M\000o\000d\000e\000l\0003\000d\000:\000:\000A\000n\000i\000m\000a\000t\000i\000o\000n\000\040\000S\000t\000r\000u\000c\000t\000\040\000R\000e\000f\000e\000r\000e\000n\000c\000e}{chapter.4}% 8
\BOOKMARK [2][-]{subsection.4.1.1}{\376\377\0004\000.\0001\000.\0001\000\040\000D\000e\000t\000a\000i\000l\000e\000d\000\040\000D\000e\000s\000c\000r\000i\000p\000t\000i\000o\000n}{section.4.1}% 9
\BOOKMARK [1][-]{section.4.2}{\376\377\0004\000.\0002\000\040\000A\000O\000b\000j\000e\000c\000t\000\040\000C\000l\000a\000s\000s\000\040\000R\000e\000f\000e\000r\000e\000n\000c\000e}{chapter.4}% 10
\BOOKMARK [2][-]{subsection.4.2.1}{\376\377\0004\000.\0002\000.\0001\000\040\000D\000e\000t\000a\000i\000l\000e\000d\000\040\000D\000e\000s\000c\000r\000i\000p\000t\000i\000o\000n}{section.4.2}% 11
\BOOKMARK [2][-]{subsection.4.2.2}{\376\377\0004\000.\0002\000.\0002\000\040\000C\000o\000n\000s\000t\000r\000u\000c\000t\000o\000r\000\040\000\046\000\040\000D\000e\000s\000t\000r\000u\000c\000t\000o\000r\000\040\000D\000o\000c\000u\000m\000e\000n\000t\000a\000t\000i\000o\000n}{section.4.2}% 12
\BOOKMARK [3][-]{subsubsection.4.2.2.1}{\376\377\0004\000.\0002\000.\0002\000.\0001\000\040\000\040\000A\000O\000b\000j\000e\000c\000t\000\050\000\051}{subsection.4.2.2}% 13
\BOOKMARK [2][-]{subsection.4.2.3}{\376\377\0004\000.\0002\000.\0003\000\040\000M\000e\000m\000b\000e\000r\000\040\000F\000u\000n\000c\000t\000i\000o\000n\000\040\000D\000o\000c\000u\000m\000e\000n\000t\000a\000t\000i\000o\000n}{section.4.2}% 14
\BOOKMARK [3][-]{subsubsection.4.2.3.1}{\376\377\0004\000.\0002\000.\0003\000.\0001\000\040\000g\000e\000t\000I\000d\000\050\000\051}{subsection.4.2.3}% 15
\BOOKMARK [3][-]{subsubsection.4.2.3.2}{\376\377\0004\000.\0002\000.\0003\000.\0002\000\040\000g\000e\000t\000M\000o\000d\000e\000l\000\050\000\051}{subsection.4.2.3}% 16
\BOOKMARK [3][-]{subsubsection.4.2.3.3}{\376\377\0004\000.\0002\000.\0003\000.\0003\000\040\000g\000e\000t\000T\000y\000p\000e\000\050\000\051}{subsection.4.2.3}% 17
\BOOKMARK [3][-]{subsubsection.4.2.3.4}{\376\377\0004\000.\0002\000.\0003\000.\0004\000\040\000p\000r\000i\000n\000t\000\050\000\051}{subsection.4.2.3}% 18
\BOOKMARK [3][-]{subsubsection.4.2.3.5}{\376\377\0004\000.\0002\000.\0003\000.\0005\000\040\000s\000e\000t\000P\000o\000s\000i\000t\000i\000o\000n\000\050\000\051}{subsection.4.2.3}% 19
\BOOKMARK [3][-]{subsubsection.4.2.3.6}{\376\377\0004\000.\0002\000.\0003\000.\0006\000\040\000s\000e\000t\000R\000o\000t\000a\000t\000i\000o\000n\000\050\000\051}{subsection.4.2.3}% 20
\BOOKMARK [1][-]{section.4.3}{\376\377\0004\000.\0003\000\040\000A\000P\000i\000c\000k\000a\000b\000l\000e\000\040\000C\000l\000a\000s\000s\000\040\000R\000e\000f\000e\000r\000e\000n\000c\000e}{chapter.4}% 21
\BOOKMARK [2][-]{subsection.4.3.1}{\376\377\0004\000.\0003\000.\0001\000\040\000D\000e\000t\000a\000i\000l\000e\000d\000\040\000D\000e\000s\000c\000r\000i\000p\000t\000i\000o\000n}{section.4.3}% 22
\BOOKMARK [2][-]{subsection.4.3.2}{\376\377\0004\000.\0003\000.\0002\000\040\000C\000o\000n\000s\000t\000r\000u\000c\000t\000o\000r\000\040\000\046\000\040\000D\000e\000s\000t\000r\000u\000c\000t\000o\000r\000\040\000D\000o\000c\000u\000m\000e\000n\000t\000a\000t\000i\000o\000n}{section.4.3}% 23
\BOOKMARK [3][-]{subsubsection.4.3.2.1}{\376\377\0004\000.\0003\000.\0002\000.\0001\000\040\000A\000P\000i\000c\000k\000a\000b\000l\000e\000\050\000\051}{subsection.4.3.2}% 24
\BOOKMARK [3][-]{subsubsection.4.3.2.2}{\376\377\0004\000.\0003\000.\0002\000.\0002\000\040\000\040\000A\000P\000i\000c\000k\000a\000b\000l\000e\000\050\000\051}{subsection.4.3.2}% 25
\BOOKMARK [1][-]{section.4.4}{\376\377\0004\000.\0004\000\040\000A\000S\000c\000e\000n\000e\000\040\000C\000l\000a\000s\000s\000\040\000R\000e\000f\000e\000r\000e\000n\000c\000e}{chapter.4}% 26
\BOOKMARK [2][-]{subsection.4.4.1}{\376\377\0004\000.\0004\000.\0001\000\040\000D\000e\000t\000a\000i\000l\000e\000d\000\040\000D\000e\000s\000c\000r\000i\000p\000t\000i\000o\000n}{section.4.4}% 27
\BOOKMARK [2][-]{subsection.4.4.2}{\376\377\0004\000.\0004\000.\0002\000\040\000M\000e\000m\000b\000e\000r\000\040\000F\000u\000n\000c\000t\000i\000o\000n\000\040\000D\000o\000c\000u\000m\000e\000n\000t\000a\000t\000i\000o\000n}{section.4.4}% 28
\BOOKMARK [3][-]{subsubsection.4.4.2.1}{\376\377\0004\000.\0004\000.\0002\000.\0001\000\040\000a\000d\000d\000W\000i\000d\000g\000e\000t\000\050\000\051}{subsection.4.4.2}% 29
\BOOKMARK [3][-]{subsubsection.4.4.2.2}{\376\377\0004\000.\0004\000.\0002\000.\0002\000\040\000d\000e\000l\000W\000i\000d\000g\000e\000t\000\050\000\051}{subsection.4.4.2}% 30
\BOOKMARK [3][-]{subsubsection.4.4.2.3}{\376\377\0004\000.\0004\000.\0002\000.\0003\000\040\000g\000e\000t\000E\000v\000e\000n\000t\000R\000e\000c\000e\000i\000v\000e\000r\000\050\000\051}{subsection.4.4.2}% 31
\BOOKMARK [3][-]{subsubsection.4.4.2.4}{\376\377\0004\000.\0004\000.\0002\000.\0004\000\040\000p\000r\000i\000n\000t\000\050\000\051}{subsection.4.4.2}% 32
\BOOKMARK [3][-]{subsubsection.4.4.2.5}{\376\377\0004\000.\0004\000.\0002\000.\0005\000\040\000u\000p\000d\000a\000t\000e\000C\000a\000m\000e\000r\000a\000\050\000\051}{subsection.4.4.2}% 33
\BOOKMARK [1][-]{section.4.5}{\376\377\0004\000.\0005\000\040\000B\000u\000t\000t\000o\000n\000\040\000C\000l\000a\000s\000s\000\040\000R\000e\000f\000e\000r\000e\000n\000c\000e}{chapter.4}% 34
\BOOKMARK [2][-]{subsection.4.5.1}{\376\377\0004\000.\0005\000.\0001\000\040\000D\000e\000t\000a\000i\000l\000e\000d\000\040\000D\000e\000s\000c\000r\000i\000p\000t\000i\000o\000n}{section.4.5}% 35
\BOOKMARK [2][-]{subsection.4.5.2}{\376\377\0004\000.\0005\000.\0002\000\040\000C\000o\000n\000s\000t\000r\000u\000c\000t\000o\000r\000\040\000\046\000\040\000D\000e\000s\000t\000r\000u\000c\000t\000o\000r\000\040\000D\000o\000c\000u\000m\000e\000n\000t\000a\000t\000i\000o\000n}{section.4.5}% 36
\BOOKMARK [3][-]{subsubsection.4.5.2.1}{\376\377\0004\000.\0005\000.\0002\000.\0001\000\040\000B\000u\000t\000t\000o\000n\000\050\000\051}{subsection.4.5.2}% 37
\BOOKMARK [2][-]{subsection.4.5.3}{\376\377\0004\000.\0005\000.\0003\000\040\000M\000e\000m\000b\000e\000r\000\040\000F\000u\000n\000c\000t\000i\000o\000n\000\040\000D\000o\000c\000u\000m\000e\000n\000t\000a\000t\000i\000o\000n}{section.4.5}% 38
\BOOKMARK [3][-]{subsubsection.4.5.3.1}{\376\377\0004\000.\0005\000.\0003\000.\0001\000\040\000p\000r\000i\000n\000t\000\050\000\051}{subsection.4.5.3}% 39
\BOOKMARK [1][-]{section.4.6}{\376\377\0004\000.\0006\000\040\000C\000a\000m\000e\000r\000a\000\040\000C\000l\000a\000s\000s\000\040\000R\000e\000f\000e\000r\000e\000n\000c\000e}{chapter.4}% 40
\BOOKMARK [2][-]{subsection.4.6.1}{\376\377\0004\000.\0006\000.\0001\000\040\000D\000e\000t\000a\000i\000l\000e\000d\000\040\000D\000e\000s\000c\000r\000i\000p\000t\000i\000o\000n}{section.4.6}% 41
\BOOKMARK [2][-]{subsection.4.6.2}{\376\377\0004\000.\0006\000.\0002\000\040\000C\000o\000n\000s\000t\000r\000u\000c\000t\000o\000r\000\040\000\046\000\040\000D\000e\000s\000t\000r\000u\000c\000t\000o\000r\000\040\000D\000o\000c\000u\000m\000e\000n\000t\000a\000t\000i\000o\000n}{section.4.6}% 42
\BOOKMARK [3][-]{subsubsection.4.6.2.1}{\376\377\0004\000.\0006\000.\0002\000.\0001\000\040\000C\000a\000m\000e\000r\000a\000\050\000\051}{subsection.4.6.2}% 43
\BOOKMARK [2][-]{subsection.4.6.3}{\376\377\0004\000.\0006\000.\0003\000\040\000M\000e\000m\000b\000e\000r\000\040\000F\000u\000n\000c\000t\000i\000o\000n\000\040\000D\000o\000c\000u\000m\000e\000n\000t\000a\000t\000i\000o\000n}{section.4.6}% 44
\BOOKMARK [3][-]{subsubsection.4.6.3.1}{\376\377\0004\000.\0006\000.\0003\000.\0001\000\040\000c\000h\000a\000n\000g\000e\000P\000o\000s\000i\000t\000i\000o\000n\000\050\000\051}{subsection.4.6.3}% 45
\BOOKMARK [3][-]{subsubsection.4.6.3.2}{\376\377\0004\000.\0006\000.\0003\000.\0002\000\040\000c\000h\000a\000n\000g\000e\000S\000i\000g\000h\000t\000\050\000\051}{subsection.4.6.3}% 46
\BOOKMARK [1][-]{section.4.7}{\376\377\0004\000.\0007\000\040\000C\000o\000n\000f\000i\000g\000M\000a\000n\000a\000g\000e\000r\000\040\000C\000l\000a\000s\000s\000\040\000R\000e\000f\000e\000r\000e\000n\000c\000e}{chapter.4}% 47
\BOOKMARK [2][-]{subsection.4.7.1}{\376\377\0004\000.\0007\000.\0001\000\040\000D\000e\000t\000a\000i\000l\000e\000d\000\040\000D\000e\000s\000c\000r\000i\000p\000t\000i\000o\000n}{section.4.7}% 48
\BOOKMARK [2][-]{subsection.4.7.2}{\376\377\0004\000.\0007\000.\0002\000\040\000M\000e\000m\000b\000e\000r\000\040\000F\000u\000n\000c\000t\000i\000o\000n\000\040\000D\000o\000c\000u\000m\000e\000n\000t\000a\000t\000i\000o\000n}{section.4.7}% 49
\BOOKMARK [3][-]{subsubsection.4.7.2.1}{\376\377\0004\000.\0007\000.\0002\000.\0001\000\040\000c\000r\000e\000a\000t\000e\000F\000i\000l\000e\000\050\000\051}{subsection.4.7.2}% 50
\BOOKMARK [3][-]{subsubsection.4.7.2.2}{\376\377\0004\000.\0007\000.\0002\000.\0002\000\040\000l\000o\000a\000d\000C\000o\000n\000f\000i\000g\000\050\000\051}{subsection.4.7.2}% 51
\BOOKMARK [2][-]{subsection.4.7.3}{\376\377\0004\000.\0007\000.\0003\000\040\000M\000e\000m\000b\000e\000r\000\040\000D\000a\000t\000a\000\040\000D\000o\000c\000u\000m\000e\000n\000t\000a\000t\000i\000o\000n}{section.4.7}% 52
\BOOKMARK [3][-]{subsubsection.4.7.3.1}{\376\377\0004\000.\0007\000.\0003\000.\0001\000\040\000s\000o\000u\000n\000d}{subsection.4.7.3}% 53
\BOOKMARK [3][-]{subsubsection.4.7.3.2}{\376\377\0004\000.\0007\000.\0003\000.\0002\000\040\000v\000i\000d\000e\000o\000C\000o\000n\000f\000i\000g}{subsection.4.7.3}% 54
\BOOKMARK [1][-]{section.4.8}{\376\377\0004\000.\0008\000\040\000C\000o\000r\000e\000M\000a\000n\000a\000g\000e\000r\000\040\000C\000l\000a\000s\000s\000\040\000R\000e\000f\000e\000r\000e\000n\000c\000e}{chapter.4}% 55
\BOOKMARK [2][-]{subsection.4.8.1}{\376\377\0004\000.\0008\000.\0001\000\040\000D\000e\000t\000a\000i\000l\000e\000d\000\040\000D\000e\000s\000c\000r\000i\000p\000t\000i\000o\000n}{section.4.8}% 56
\BOOKMARK [1][-]{section.4.9}{\376\377\0004\000.\0009\000\040\000e\000r\000r\000o\000r\000:\000:\000E\000x\000c\000e\000p\000t\000i\000o\000n\000\040\000C\000l\000a\000s\000s\000\040\000R\000e\000f\000e\000r\000e\000n\000c\000e}{chapter.4}% 57
\BOOKMARK [2][-]{subsection.4.9.1}{\376\377\0004\000.\0009\000.\0001\000\040\000D\000e\000t\000a\000i\000l\000e\000d\000\040\000D\000e\000s\000c\000r\000i\000p\000t\000i\000o\000n}{section.4.9}% 58
\BOOKMARK [2][-]{subsection.4.9.2}{\376\377\0004\000.\0009\000.\0002\000\040\000C\000o\000n\000s\000t\000r\000u\000c\000t\000o\000r\000\040\000\046\000\040\000D\000e\000s\000t\000r\000u\000c\000t\000o\000r\000\040\000D\000o\000c\000u\000m\000e\000n\000t\000a\000t\000i\000o\000n}{section.4.9}% 59
\BOOKMARK [3][-]{subsubsection.4.9.2.1}{\376\377\0004\000.\0009\000.\0002\000.\0001\000\040\000E\000x\000c\000e\000p\000t\000i\000o\000n\000\050\000\051}{subsection.4.9.2}% 60
\BOOKMARK [3][-]{subsubsection.4.9.2.2}{\376\377\0004\000.\0009\000.\0002\000.\0002\000\040\000\040\000E\000x\000c\000e\000p\000t\000i\000o\000n\000\050\000\051}{subsection.4.9.2}% 61
\BOOKMARK [2][-]{subsection.4.9.3}{\376\377\0004\000.\0009\000.\0003\000\040\000M\000e\000m\000b\000e\000r\000\040\000F\000u\000n\000c\000t\000i\000o\000n\000\040\000D\000o\000c\000u\000m\000e\000n\000t\000a\000t\000i\000o\000n}{section.4.9}% 62
\BOOKMARK [3][-]{subsubsection.4.9.3.1}{\376\377\0004\000.\0009\000.\0003\000.\0001\000\040\000g\000e\000t\000S\000e\000v\000e\000r\000i\000t\000y\000\050\000\051}{subsection.4.9.3}% 63
\BOOKMARK [3][-]{subsubsection.4.9.3.2}{\376\377\0004\000.\0009\000.\0003\000.\0002\000\040\000w\000h\000a\000t\000\050\000\051}{subsection.4.9.3}% 64
\BOOKMARK [1][-]{section.4.10}{\376\377\0004\000.\0001\0000\000\040\000G\000a\000m\000e\000\040\000C\000l\000a\000s\000s\000\040\000R\000e\000f\000e\000r\000e\000n\000c\000e}{chapter.4}% 65
\BOOKMARK [2][-]{subsection.4.10.1}{\376\377\0004\000.\0001\0000\000.\0001\000\040\000D\000e\000t\000a\000i\000l\000e\000d\000\040\000D\000e\000s\000c\000r\000i\000p\000t\000i\000o\000n}{section.4.10}% 66
\BOOKMARK [2][-]{subsection.4.10.2}{\376\377\0004\000.\0001\0000\000.\0002\000\040\000M\000e\000m\000b\000e\000r\000\040\000F\000u\000n\000c\000t\000i\000o\000n\000\040\000D\000o\000c\000u\000m\000e\000n\000t\000a\000t\000i\000o\000n}{section.4.10}% 67
\BOOKMARK [3][-]{subsubsection.4.10.2.1}{\376\377\0004\000.\0001\0000\000.\0002\000.\0001\000\040\000g\000e\000t\000L\000e\000v\000e\000l\000\050\000\051}{subsection.4.10.2}% 68
\BOOKMARK [3][-]{subsubsection.4.10.2.2}{\376\377\0004\000.\0001\0000\000.\0002\000.\0002\000\040\000s\000e\000t\000L\000e\000v\000e\000l\000\050\000\051}{subsection.4.10.2}% 69
\BOOKMARK [1][-]{section.4.11}{\376\377\0004\000.\0001\0001\000\040\000G\000a\000m\000e\000L\000o\000a\000d\000S\000c\000e\000n\000e\000\040\000C\000l\000a\000s\000s\000\040\000R\000e\000f\000e\000r\000e\000n\000c\000e}{chapter.4}% 70
\BOOKMARK [2][-]{subsection.4.11.1}{\376\377\0004\000.\0001\0001\000.\0001\000\040\000D\000e\000t\000a\000i\000l\000e\000d\000\040\000D\000e\000s\000c\000r\000i\000p\000t\000i\000o\000n}{section.4.11}% 71
\BOOKMARK [2][-]{subsection.4.11.2}{\376\377\0004\000.\0001\0001\000.\0002\000\040\000C\000o\000n\000s\000t\000r\000u\000c\000t\000o\000r\000\040\000\046\000\040\000D\000e\000s\000t\000r\000u\000c\000t\000o\000r\000\040\000D\000o\000c\000u\000m\000e\000n\000t\000a\000t\000i\000o\000n}{section.4.11}% 72
\BOOKMARK [3][-]{subsubsection.4.11.2.1}{\376\377\0004\000.\0001\0001\000.\0002\000.\0001\000\040\000G\000a\000m\000e\000L\000o\000a\000d\000S\000c\000e\000n\000e\000\050\000\051}{subsection.4.11.2}% 73
\BOOKMARK [3][-]{subsubsection.4.11.2.2}{\376\377\0004\000.\0001\0001\000.\0002\000.\0002\000\040\000\040\000G\000a\000m\000e\000L\000o\000a\000d\000S\000c\000e\000n\000e\000\050\000\051}{subsection.4.11.2}% 74
\BOOKMARK [2][-]{subsection.4.11.3}{\376\377\0004\000.\0001\0001\000.\0003\000\040\000M\000e\000m\000b\000e\000r\000\040\000F\000u\000n\000c\000t\000i\000o\000n\000\040\000D\000o\000c\000u\000m\000e\000n\000t\000a\000t\000i\000o\000n}{section.4.11}% 75
\BOOKMARK [3][-]{subsubsection.4.11.3.1}{\376\377\0004\000.\0001\0001\000.\0003\000.\0001\000\040\000g\000e\000t\000E\000v\000e\000n\000t\000R\000e\000c\000e\000i\000v\000e\000r\000\050\000\051}{subsection.4.11.3}% 76
\BOOKMARK [1][-]{section.4.12}{\376\377\0004\000.\0001\0002\000\040\000G\000a\000m\000e\000M\000e\000n\000u\000R\000e\000c\000e\000i\000v\000e\000r\000\040\000C\000l\000a\000s\000s\000\040\000R\000e\000f\000e\000r\000e\000n\000c\000e}{chapter.4}% 77
\BOOKMARK [2][-]{subsection.4.12.1}{\376\377\0004\000.\0001\0002\000.\0001\000\040\000D\000e\000t\000a\000i\000l\000e\000d\000\040\000D\000e\000s\000c\000r\000i\000p\000t\000i\000o\000n}{section.4.12}% 78
\BOOKMARK [2][-]{subsection.4.12.2}{\376\377\0004\000.\0001\0002\000.\0002\000\040\000C\000o\000n\000s\000t\000r\000u\000c\000t\000o\000r\000\040\000\046\000\040\000D\000e\000s\000t\000r\000u\000c\000t\000o\000r\000\040\000D\000o\000c\000u\000m\000e\000n\000t\000a\000t\000i\000o\000n}{section.4.12}% 79
\BOOKMARK [3][-]{subsubsection.4.12.2.1}{\376\377\0004\000.\0001\0002\000.\0002\000.\0001\000\040\000G\000a\000m\000e\000M\000e\000n\000u\000R\000e\000c\000e\000i\000v\000e\000r\000\050\000\051}{subsection.4.12.2}% 80
\BOOKMARK [3][-]{subsubsection.4.12.2.2}{\376\377\0004\000.\0001\0002\000.\0002\000.\0002\000\040\000\040\000G\000a\000m\000e\000M\000e\000n\000u\000R\000e\000c\000e\000i\000v\000e\000r\000\050\000\051}{subsection.4.12.2}% 81
\BOOKMARK [2][-]{subsection.4.12.3}{\376\377\0004\000.\0001\0002\000.\0003\000\040\000M\000e\000m\000b\000e\000r\000\040\000F\000u\000n\000c\000t\000i\000o\000n\000\040\000D\000o\000c\000u\000m\000e\000n\000t\000a\000t\000i\000o\000n}{section.4.12}% 82
\BOOKMARK [3][-]{subsubsection.4.12.3.1}{\376\377\0004\000.\0001\0002\000.\0003\000.\0001\000\040\000O\000n\000E\000v\000e\000n\000t\000\050\000\051}{subsection.4.12.3}% 83
\BOOKMARK [1][-]{section.4.13}{\376\377\0004\000.\0001\0003\000\040\000G\000a\000m\000e\000M\000e\000n\000u\000S\000c\000e\000n\000e\000\040\000C\000l\000a\000s\000s\000\040\000R\000e\000f\000e\000r\000e\000n\000c\000e}{chapter.4}% 84
\BOOKMARK [2][-]{subsection.4.13.1}{\376\377\0004\000.\0001\0003\000.\0001\000\040\000D\000e\000t\000a\000i\000l\000e\000d\000\040\000D\000e\000s\000c\000r\000i\000p\000t\000i\000o\000n}{section.4.13}% 85
\BOOKMARK [2][-]{subsection.4.13.2}{\376\377\0004\000.\0001\0003\000.\0002\000\040\000C\000o\000n\000s\000t\000r\000u\000c\000t\000o\000r\000\040\000\046\000\040\000D\000e\000s\000t\000r\000u\000c\000t\000o\000r\000\040\000D\000o\000c\000u\000m\000e\000n\000t\000a\000t\000i\000o\000n}{section.4.13}% 86
\BOOKMARK [3][-]{subsubsection.4.13.2.1}{\376\377\0004\000.\0001\0003\000.\0002\000.\0001\000\040\000G\000a\000m\000e\000M\000e\000n\000u\000S\000c\000e\000n\000e\000\050\000\051}{subsection.4.13.2}% 87
\BOOKMARK [3][-]{subsubsection.4.13.2.2}{\376\377\0004\000.\0001\0003\000.\0002\000.\0002\000\040\000\040\000G\000a\000m\000e\000M\000e\000n\000u\000S\000c\000e\000n\000e\000\050\000\051}{subsection.4.13.2}% 88
\BOOKMARK [2][-]{subsection.4.13.3}{\376\377\0004\000.\0001\0003\000.\0003\000\040\000M\000e\000m\000b\000e\000r\000\040\000F\000u\000n\000c\000t\000i\000o\000n\000\040\000D\000o\000c\000u\000m\000e\000n\000t\000a\000t\000i\000o\000n}{section.4.13}% 89
\BOOKMARK [3][-]{subsubsection.4.13.3.1}{\376\377\0004\000.\0001\0003\000.\0003\000.\0001\000\040\000g\000e\000t\000E\000v\000e\000n\000t\000R\000e\000c\000e\000i\000v\000e\000r\000\050\000\051}{subsection.4.13.3}% 90
\BOOKMARK [1][-]{section.4.14}{\376\377\0004\000.\0001\0004\000\040\000G\000a\000m\000e\000N\000e\000w\000R\000e\000c\000e\000i\000v\000e\000r\000\040\000C\000l\000a\000s\000s\000\040\000R\000e\000f\000e\000r\000e\000n\000c\000e}{chapter.4}% 91
\BOOKMARK [2][-]{subsection.4.14.1}{\376\377\0004\000.\0001\0004\000.\0001\000\040\000D\000e\000t\000a\000i\000l\000e\000d\000\040\000D\000e\000s\000c\000r\000i\000p\000t\000i\000o\000n}{section.4.14}% 92
\BOOKMARK [2][-]{subsection.4.14.2}{\376\377\0004\000.\0001\0004\000.\0002\000\040\000C\000o\000n\000s\000t\000r\000u\000c\000t\000o\000r\000\040\000\046\000\040\000D\000e\000s\000t\000r\000u\000c\000t\000o\000r\000\040\000D\000o\000c\000u\000m\000e\000n\000t\000a\000t\000i\000o\000n}{section.4.14}% 93
\BOOKMARK [3][-]{subsubsection.4.14.2.1}{\376\377\0004\000.\0001\0004\000.\0002\000.\0001\000\040\000G\000a\000m\000e\000N\000e\000w\000R\000e\000c\000e\000i\000v\000e\000r\000\050\000\051}{subsection.4.14.2}% 94
\BOOKMARK [3][-]{subsubsection.4.14.2.2}{\376\377\0004\000.\0001\0004\000.\0002\000.\0002\000\040\000\040\000G\000a\000m\000e\000N\000e\000w\000R\000e\000c\000e\000i\000v\000e\000r\000\050\000\051}{subsection.4.14.2}% 95
\BOOKMARK [2][-]{subsection.4.14.3}{\376\377\0004\000.\0001\0004\000.\0003\000\040\000M\000e\000m\000b\000e\000r\000\040\000F\000u\000n\000c\000t\000i\000o\000n\000\040\000D\000o\000c\000u\000m\000e\000n\000t\000a\000t\000i\000o\000n}{section.4.14}% 96
\BOOKMARK [3][-]{subsubsection.4.14.3.1}{\376\377\0004\000.\0001\0004\000.\0003\000.\0001\000\040\000O\000n\000E\000v\000e\000n\000t\000\050\000\051}{subsection.4.14.3}% 97
\BOOKMARK [1][-]{section.4.15}{\376\377\0004\000.\0001\0005\000\040\000G\000a\000m\000e\000N\000e\000w\000S\000c\000e\000n\000e\000\040\000C\000l\000a\000s\000s\000\040\000R\000e\000f\000e\000r\000e\000n\000c\000e}{chapter.4}% 98
\BOOKMARK [2][-]{subsection.4.15.1}{\376\377\0004\000.\0001\0005\000.\0001\000\040\000D\000e\000t\000a\000i\000l\000e\000d\000\040\000D\000e\000s\000c\000r\000i\000p\000t\000i\000o\000n}{section.4.15}% 99
\BOOKMARK [2][-]{subsection.4.15.2}{\376\377\0004\000.\0001\0005\000.\0002\000\040\000C\000o\000n\000s\000t\000r\000u\000c\000t\000o\000r\000\040\000\046\000\040\000D\000e\000s\000t\000r\000u\000c\000t\000o\000r\000\040\000D\000o\000c\000u\000m\000e\000n\000t\000a\000t\000i\000o\000n}{section.4.15}% 100
\BOOKMARK [3][-]{subsubsection.4.15.2.1}{\376\377\0004\000.\0001\0005\000.\0002\000.\0001\000\040\000G\000a\000m\000e\000N\000e\000w\000S\000c\000e\000n\000e\000\050\000\051}{subsection.4.15.2}% 101
\BOOKMARK [3][-]{subsubsection.4.15.2.2}{\376\377\0004\000.\0001\0005\000.\0002\000.\0002\000\040\000\040\000G\000a\000m\000e\000N\000e\000w\000S\000c\000e\000n\000e\000\050\000\051}{subsection.4.15.2}% 102
\BOOKMARK [2][-]{subsection.4.15.3}{\376\377\0004\000.\0001\0005\000.\0003\000\040\000M\000e\000m\000b\000e\000r\000\040\000F\000u\000n\000c\000t\000i\000o\000n\000\040\000D\000o\000c\000u\000m\000e\000n\000t\000a\000t\000i\000o\000n}{section.4.15}% 103
\BOOKMARK [3][-]{subsubsection.4.15.3.1}{\376\377\0004\000.\0001\0005\000.\0003\000.\0001\000\040\000g\000e\000t\000E\000v\000e\000n\000t\000R\000e\000c\000e\000i\000v\000e\000r\000\050\000\051}{subsection.4.15.3}% 104
\BOOKMARK [1][-]{section.4.16}{\376\377\0004\000.\0001\0006\000\040\000G\000a\000m\000e\000O\000n\000l\000i\000n\000e\000S\000c\000e\000n\000e\000\040\000C\000l\000a\000s\000s\000\040\000R\000e\000f\000e\000r\000e\000n\000c\000e}{chapter.4}% 105
\BOOKMARK [2][-]{subsection.4.16.1}{\376\377\0004\000.\0001\0006\000.\0001\000\040\000D\000e\000t\000a\000i\000l\000e\000d\000\040\000D\000e\000s\000c\000r\000i\000p\000t\000i\000o\000n}{section.4.16}% 106
\BOOKMARK [2][-]{subsection.4.16.2}{\376\377\0004\000.\0001\0006\000.\0002\000\040\000C\000o\000n\000s\000t\000r\000u\000c\000t\000o\000r\000\040\000\046\000\040\000D\000e\000s\000t\000r\000u\000c\000t\000o\000r\000\040\000D\000o\000c\000u\000m\000e\000n\000t\000a\000t\000i\000o\000n}{section.4.16}% 107
\BOOKMARK [3][-]{subsubsection.4.16.2.1}{\376\377\0004\000.\0001\0006\000.\0002\000.\0001\000\040\000G\000a\000m\000e\000O\000n\000l\000i\000n\000e\000S\000c\000e\000n\000e\000\050\000\051}{subsection.4.16.2}% 108
\BOOKMARK [3][-]{subsubsection.4.16.2.2}{\376\377\0004\000.\0001\0006\000.\0002\000.\0002\000\040\000\040\000G\000a\000m\000e\000O\000n\000l\000i\000n\000e\000S\000c\000e\000n\000e\000\050\000\051}{subsection.4.16.2}% 109
\BOOKMARK [2][-]{subsection.4.16.3}{\376\377\0004\000.\0001\0006\000.\0003\000\040\000M\000e\000m\000b\000e\000r\000\040\000F\000u\000n\000c\000t\000i\000o\000n\000\040\000D\000o\000c\000u\000m\000e\000n\000t\000a\000t\000i\000o\000n}{section.4.16}% 110
\BOOKMARK [3][-]{subsubsection.4.16.3.1}{\376\377\0004\000.\0001\0006\000.\0003\000.\0001\000\040\000g\000e\000t\000E\000v\000e\000n\000t\000R\000e\000c\000e\000i\000v\000e\000r\000\050\000\051}{subsection.4.16.3}% 111
\BOOKMARK [1][-]{section.4.17}{\376\377\0004\000.\0001\0007\000\040\000G\000a\000m\000e\000S\000i\000m\000u\000l\000a\000t\000i\000o\000n\000S\000c\000e\000n\000e\000\040\000C\000l\000a\000s\000s\000\040\000R\000e\000f\000e\000r\000e\000n\000c\000e}{chapter.4}% 112
\BOOKMARK [2][-]{subsection.4.17.1}{\376\377\0004\000.\0001\0007\000.\0001\000\040\000D\000e\000t\000a\000i\000l\000e\000d\000\040\000D\000e\000s\000c\000r\000i\000p\000t\000i\000o\000n}{section.4.17}% 113
\BOOKMARK [2][-]{subsection.4.17.2}{\376\377\0004\000.\0001\0007\000.\0002\000\040\000M\000e\000m\000b\000e\000r\000\040\000F\000u\000n\000c\000t\000i\000o\000n\000\040\000D\000o\000c\000u\000m\000e\000n\000t\000a\000t\000i\000o\000n}{section.4.17}% 114
\BOOKMARK [3][-]{subsubsection.4.17.2.1}{\376\377\0004\000.\0001\0007\000.\0002\000.\0001\000\040\000g\000e\000t\000E\000v\000e\000n\000t\000R\000e\000c\000e\000i\000v\000e\000r\000\050\000\051}{subsection.4.17.2}% 115
\BOOKMARK [3][-]{subsubsection.4.17.2.2}{\376\377\0004\000.\0001\0007\000.\0002\000.\0002\000\040\000u\000p\000d\000a\000t\000e\000C\000a\000m\000e\000r\000a\000\050\000\051}{subsection.4.17.2}% 116
\BOOKMARK [1][-]{section.4.18}{\376\377\0004\000.\0001\0008\000\040\000I\000m\000a\000g\000e\000\040\000C\000l\000a\000s\000s\000\040\000R\000e\000f\000e\000r\000e\000n\000c\000e}{chapter.4}% 117
\BOOKMARK [2][-]{subsection.4.18.1}{\376\377\0004\000.\0001\0008\000.\0001\000\040\000D\000e\000t\000a\000i\000l\000e\000d\000\040\000D\000e\000s\000c\000r\000i\000p\000t\000i\000o\000n}{section.4.18}% 118
\BOOKMARK [2][-]{subsection.4.18.2}{\376\377\0004\000.\0001\0008\000.\0002\000\040\000C\000o\000n\000s\000t\000r\000u\000c\000t\000o\000r\000\040\000\046\000\040\000D\000e\000s\000t\000r\000u\000c\000t\000o\000r\000\040\000D\000o\000c\000u\000m\000e\000n\000t\000a\000t\000i\000o\000n}{section.4.18}% 119
\BOOKMARK [3][-]{subsubsection.4.18.2.1}{\376\377\0004\000.\0001\0008\000.\0002\000.\0001\000\040\000I\000m\000a\000g\000e\000\050\000\051}{subsection.4.18.2}% 120
\BOOKMARK [2][-]{subsection.4.18.3}{\376\377\0004\000.\0001\0008\000.\0003\000\040\000M\000e\000m\000b\000e\000r\000\040\000F\000u\000n\000c\000t\000i\000o\000n\000\040\000D\000o\000c\000u\000m\000e\000n\000t\000a\000t\000i\000o\000n}{section.4.18}% 121
\BOOKMARK [3][-]{subsubsection.4.18.3.1}{\376\377\0004\000.\0001\0008\000.\0003\000.\0001\000\040\000p\000r\000i\000n\000t\000\050\000\051}{subsection.4.18.3}% 122
\BOOKMARK [1][-]{section.4.19}{\376\377\0004\000.\0001\0009\000\040\000I\000n\000t\000r\000o\000S\000c\000e\000n\000e\000\040\000C\000l\000a\000s\000s\000\040\000R\000e\000f\000e\000r\000e\000n\000c\000e}{chapter.4}% 123
\BOOKMARK [2][-]{subsection.4.19.1}{\376\377\0004\000.\0001\0009\000.\0001\000\040\000D\000e\000t\000a\000i\000l\000e\000d\000\040\000D\000e\000s\000c\000r\000i\000p\000t\000i\000o\000n}{section.4.19}% 124
\BOOKMARK [2][-]{subsection.4.19.2}{\376\377\0004\000.\0001\0009\000.\0002\000\040\000C\000o\000n\000s\000t\000r\000u\000c\000t\000o\000r\000\040\000\046\000\040\000D\000e\000s\000t\000r\000u\000c\000t\000o\000r\000\040\000D\000o\000c\000u\000m\000e\000n\000t\000a\000t\000i\000o\000n}{section.4.19}% 125
\BOOKMARK [3][-]{subsubsection.4.19.2.1}{\376\377\0004\000.\0001\0009\000.\0002\000.\0001\000\040\000I\000n\000t\000r\000o\000S\000c\000e\000n\000e\000\050\000\051}{subsection.4.19.2}% 126
\BOOKMARK [3][-]{subsubsection.4.19.2.2}{\376\377\0004\000.\0001\0009\000.\0002\000.\0002\000\040\000\040\000I\000n\000t\000r\000o\000S\000c\000e\000n\000e\000\050\000\051}{subsection.4.19.2}% 127
\BOOKMARK [2][-]{subsection.4.19.3}{\376\377\0004\000.\0001\0009\000.\0003\000\040\000M\000e\000m\000b\000e\000r\000\040\000F\000u\000n\000c\000t\000i\000o\000n\000\040\000D\000o\000c\000u\000m\000e\000n\000t\000a\000t\000i\000o\000n}{section.4.19}% 128
\BOOKMARK [3][-]{subsubsection.4.19.3.1}{\376\377\0004\000.\0001\0009\000.\0003\000.\0001\000\040\000g\000e\000t\000E\000v\000e\000n\000t\000R\000e\000c\000e\000i\000v\000e\000r\000\050\000\051}{subsection.4.19.3}% 129
\BOOKMARK [1][-]{section.4.20}{\376\377\0004\000.\0002\0000\000\040\000I\000W\000i\000d\000g\000e\000t\000\040\000C\000l\000a\000s\000s\000\040\000R\000e\000f\000e\000r\000e\000n\000c\000e}{chapter.4}% 130
\BOOKMARK [2][-]{subsection.4.20.1}{\376\377\0004\000.\0002\0000\000.\0001\000\040\000D\000e\000t\000a\000i\000l\000e\000d\000\040\000D\000e\000s\000c\000r\000i\000p\000t\000i\000o\000n}{section.4.20}% 131
\BOOKMARK [2][-]{subsection.4.20.2}{\376\377\0004\000.\0002\0000\000.\0002\000\040\000M\000e\000m\000b\000e\000r\000\040\000F\000u\000n\000c\000t\000i\000o\000n\000\040\000D\000o\000c\000u\000m\000e\000n\000t\000a\000t\000i\000o\000n}{section.4.20}% 132
\BOOKMARK [3][-]{subsubsection.4.20.2.1}{\376\377\0004\000.\0002\0000\000.\0002\000.\0001\000\040\000p\000r\000i\000n\000t\000\050\000\051}{subsection.4.20.2}% 133
\BOOKMARK [1][-]{section.4.21}{\376\377\0004\000.\0002\0001\000\040\000L\000e\000g\000e\000n\000d\000S\000c\000e\000n\000e\000\040\000C\000l\000a\000s\000s\000\040\000R\000e\000f\000e\000r\000e\000n\000c\000e}{chapter.4}% 134
\BOOKMARK [2][-]{subsection.4.21.1}{\376\377\0004\000.\0002\0001\000.\0001\000\040\000D\000e\000t\000a\000i\000l\000e\000d\000\040\000D\000e\000s\000c\000r\000i\000p\000t\000i\000o\000n}{section.4.21}% 135
\BOOKMARK [2][-]{subsection.4.21.2}{\376\377\0004\000.\0002\0001\000.\0002\000\040\000C\000o\000n\000s\000t\000r\000u\000c\000t\000o\000r\000\040\000\046\000\040\000D\000e\000s\000t\000r\000u\000c\000t\000o\000r\000\040\000D\000o\000c\000u\000m\000e\000n\000t\000a\000t\000i\000o\000n}{section.4.21}% 136
\BOOKMARK [3][-]{subsubsection.4.21.2.1}{\376\377\0004\000.\0002\0001\000.\0002\000.\0001\000\040\000L\000e\000g\000e\000n\000d\000S\000c\000e\000n\000e\000\050\000\051}{subsection.4.21.2}% 137
\BOOKMARK [3][-]{subsubsection.4.21.2.2}{\376\377\0004\000.\0002\0001\000.\0002\000.\0002\000\040\000\040\000L\000e\000g\000e\000n\000d\000S\000c\000e\000n\000e\000\050\000\051}{subsection.4.21.2}% 138
\BOOKMARK [2][-]{subsection.4.21.3}{\376\377\0004\000.\0002\0001\000.\0003\000\040\000M\000e\000m\000b\000e\000r\000\040\000F\000u\000n\000c\000t\000i\000o\000n\000\040\000D\000o\000c\000u\000m\000e\000n\000t\000a\000t\000i\000o\000n}{section.4.21}% 139
\BOOKMARK [3][-]{subsubsection.4.21.3.1}{\376\377\0004\000.\0002\0001\000.\0003\000.\0001\000\040\000g\000e\000t\000E\000v\000e\000n\000t\000R\000e\000c\000e\000i\000v\000e\000r\000\050\000\051}{subsection.4.21.3}% 140
\BOOKMARK [1][-]{section.4.22}{\376\377\0004\000.\0002\0002\000\040\000L\000e\000v\000e\000l\000\040\000C\000l\000a\000s\000s\000\040\000R\000e\000f\000e\000r\000e\000n\000c\000e}{chapter.4}% 141
\BOOKMARK [2][-]{subsection.4.22.1}{\376\377\0004\000.\0002\0002\000.\0001\000\040\000D\000e\000t\000a\000i\000l\000e\000d\000\040\000D\000e\000s\000c\000r\000i\000p\000t\000i\000o\000n}{section.4.22}% 142
\BOOKMARK [2][-]{subsection.4.22.2}{\376\377\0004\000.\0002\0002\000.\0002\000\040\000M\000e\000m\000b\000e\000r\000\040\000F\000u\000n\000c\000t\000i\000o\000n\000\040\000D\000o\000c\000u\000m\000e\000n\000t\000a\000t\000i\000o\000n}{section.4.22}% 143
\BOOKMARK [3][-]{subsubsection.4.22.2.1}{\376\377\0004\000.\0002\0002\000.\0002\000.\0001\000\040\000l\000o\000a\000d\000L\000e\000v\000e\000l\000\050\000\051}{subsection.4.22.2}% 144
\BOOKMARK [3][-]{subsubsection.4.22.2.2}{\376\377\0004\000.\0002\0002\000.\0002\000.\0002\000\040\000m\000o\000v\000e\000P\000l\000a\000y\000e\000r\000\050\000\051}{subsection.4.22.2}% 145
\BOOKMARK [3][-]{subsubsection.4.22.2.3}{\376\377\0004\000.\0002\0002\000.\0002\000.\0003\000\040\000p\000r\000i\000n\000t\000\050\000\051}{subsection.4.22.2}% 146
\BOOKMARK [1][-]{section.4.23}{\376\377\0004\000.\0002\0003\000\040\000M\000a\000i\000n\000S\000c\000e\000n\000e\000\040\000C\000l\000a\000s\000s\000\040\000R\000e\000f\000e\000r\000e\000n\000c\000e}{chapter.4}% 147
\BOOKMARK [2][-]{subsection.4.23.1}{\376\377\0004\000.\0002\0003\000.\0001\000\040\000D\000e\000t\000a\000i\000l\000e\000d\000\040\000D\000e\000s\000c\000r\000i\000p\000t\000i\000o\000n}{section.4.23}% 148
\BOOKMARK [2][-]{subsection.4.23.2}{\376\377\0004\000.\0002\0003\000.\0002\000\040\000C\000o\000n\000s\000t\000r\000u\000c\000t\000o\000r\000\040\000\046\000\040\000D\000e\000s\000t\000r\000u\000c\000t\000o\000r\000\040\000D\000o\000c\000u\000m\000e\000n\000t\000a\000t\000i\000o\000n}{section.4.23}% 149
\BOOKMARK [3][-]{subsubsection.4.23.2.1}{\376\377\0004\000.\0002\0003\000.\0002\000.\0001\000\040\000M\000a\000i\000n\000S\000c\000e\000n\000e\000\050\000\051}{subsection.4.23.2}% 150
\BOOKMARK [3][-]{subsubsection.4.23.2.2}{\376\377\0004\000.\0002\0003\000.\0002\000.\0002\000\040\000\040\000M\000a\000i\000n\000S\000c\000e\000n\000e\000\050\000\051}{subsection.4.23.2}% 151
\BOOKMARK [2][-]{subsection.4.23.3}{\376\377\0004\000.\0002\0003\000.\0003\000\040\000M\000e\000m\000b\000e\000r\000\040\000F\000u\000n\000c\000t\000i\000o\000n\000\040\000D\000o\000c\000u\000m\000e\000n\000t\000a\000t\000i\000o\000n}{section.4.23}% 152
\BOOKMARK [3][-]{subsubsection.4.23.3.1}{\376\377\0004\000.\0002\0003\000.\0003\000.\0001\000\040\000g\000e\000t\000E\000v\000e\000n\000t\000R\000e\000c\000e\000i\000v\000e\000r\000\050\000\051}{subsection.4.23.3}% 153
\BOOKMARK [1][-]{section.4.24}{\376\377\0004\000.\0002\0004\000\040\000M\000a\000p\000\040\000C\000l\000a\000s\000s\000\040\000R\000e\000f\000e\000r\000e\000n\000c\000e}{chapter.4}% 154
\BOOKMARK [2][-]{subsection.4.24.1}{\376\377\0004\000.\0002\0004\000.\0001\000\040\000D\000e\000t\000a\000i\000l\000e\000d\000\040\000D\000e\000s\000c\000r\000i\000p\000t\000i\000o\000n}{section.4.24}% 155
\BOOKMARK [2][-]{subsection.4.24.2}{\376\377\0004\000.\0002\0004\000.\0002\000\040\000C\000o\000n\000s\000t\000r\000u\000c\000t\000o\000r\000\040\000\046\000\040\000D\000e\000s\000t\000r\000u\000c\000t\000o\000r\000\040\000D\000o\000c\000u\000m\000e\000n\000t\000a\000t\000i\000o\000n}{section.4.24}% 156
\BOOKMARK [3][-]{subsubsection.4.24.2.1}{\376\377\0004\000.\0002\0004\000.\0002\000.\0001\000\040\000M\000a\000p\000\050\000\051}{subsection.4.24.2}% 157
\BOOKMARK [2][-]{subsection.4.24.3}{\376\377\0004\000.\0002\0004\000.\0003\000\040\000M\000e\000m\000b\000e\000r\000\040\000F\000u\000n\000c\000t\000i\000o\000n\000\040\000D\000o\000c\000u\000m\000e\000n\000t\000a\000t\000i\000o\000n}{section.4.24}% 158
\BOOKMARK [3][-]{subsubsection.4.24.3.1}{\376\377\0004\000.\0002\0004\000.\0003\000.\0001\000\040\000l\000o\000a\000d\000M\000a\000p\000\050\000\051}{subsection.4.24.3}% 159
\BOOKMARK [3][-]{subsubsection.4.24.3.2}{\376\377\0004\000.\0002\0004\000.\0003\000.\0002\000\040\000l\000o\000a\000d\000S\000c\000e\000n\000e\000N\000o\000d\000e\000s\000\050\000\051}{subsection.4.24.3}% 160
\BOOKMARK [1][-]{section.4.25}{\376\377\0004\000.\0002\0005\000\040\000M\000a\000p\000F\000a\000c\000t\000o\000r\000y\000\040\000C\000l\000a\000s\000s\000\040\000R\000e\000f\000e\000r\000e\000n\000c\000e}{chapter.4}% 161
\BOOKMARK [2][-]{subsection.4.25.1}{\376\377\0004\000.\0002\0005\000.\0001\000\040\000D\000e\000t\000a\000i\000l\000e\000d\000\040\000D\000e\000s\000c\000r\000i\000p\000t\000i\000o\000n}{section.4.25}% 162
\BOOKMARK [1][-]{section.4.26}{\376\377\0004\000.\0002\0006\000\040\000M\000o\000d\000e\000l\0003\000d\000\040\000C\000l\000a\000s\000s\000\040\000R\000e\000f\000e\000r\000e\000n\000c\000e}{chapter.4}% 163
\BOOKMARK [2][-]{subsection.4.26.1}{\376\377\0004\000.\0002\0006\000.\0001\000\040\000D\000e\000t\000a\000i\000l\000e\000d\000\040\000D\000e\000s\000c\000r\000i\000p\000t\000i\000o\000n}{section.4.26}% 164
\BOOKMARK [2][-]{subsection.4.26.2}{\376\377\0004\000.\0002\0006\000.\0002\000\040\000C\000o\000n\000s\000t\000r\000u\000c\000t\000o\000r\000\040\000\046\000\040\000D\000e\000s\000t\000r\000u\000c\000t\000o\000r\000\040\000D\000o\000c\000u\000m\000e\000n\000t\000a\000t\000i\000o\000n}{section.4.26}% 165
\BOOKMARK [3][-]{subsubsection.4.26.2.1}{\376\377\0004\000.\0002\0006\000.\0002\000.\0001\000\040\000M\000o\000d\000e\000l\0003\000d\000\050\000\051}{subsection.4.26.2}% 166
\BOOKMARK [2][-]{subsection.4.26.3}{\376\377\0004\000.\0002\0006\000.\0003\000\040\000M\000e\000m\000b\000e\000r\000\040\000F\000u\000n\000c\000t\000i\000o\000n\000\040\000D\000o\000c\000u\000m\000e\000n\000t\000a\000t\000i\000o\000n}{section.4.26}% 167
\BOOKMARK [3][-]{subsubsection.4.26.3.1}{\376\377\0004\000.\0002\0006\000.\0003\000.\0001\000\040\000p\000r\000i\000n\000t\000\050\000\051}{subsection.4.26.3}% 168
\BOOKMARK [3][-]{subsubsection.4.26.3.2}{\376\377\0004\000.\0002\0006\000.\0003\000.\0002\000\040\000s\000e\000t\000C\000u\000r\000r\000e\000n\000t\000A\000n\000i\000m\000\050\000\051}{subsection.4.26.3}% 169
\BOOKMARK [1][-]{section.4.27}{\376\377\0004\000.\0002\0007\000\040\000M\000o\000d\000e\000l\000s\000M\000a\000n\000a\000g\000e\000r\000\040\000C\000l\000a\000s\000s\000\040\000R\000e\000f\000e\000r\000e\000n\000c\000e}{chapter.4}% 170
\BOOKMARK [2][-]{subsection.4.27.1}{\376\377\0004\000.\0002\0007\000.\0001\000\040\000D\000e\000t\000a\000i\000l\000e\000d\000\040\000D\000e\000s\000c\000r\000i\000p\000t\000i\000o\000n}{section.4.27}% 171
\BOOKMARK [2][-]{subsection.4.27.2}{\376\377\0004\000.\0002\0007\000.\0002\000\040\000M\000e\000m\000b\000e\000r\000\040\000F\000u\000n\000c\000t\000i\000o\000n\000\040\000D\000o\000c\000u\000m\000e\000n\000t\000a\000t\000i\000o\000n}{section.4.27}% 172
\BOOKMARK [3][-]{subsubsection.4.27.2.1}{\376\377\0004\000.\0002\0007\000.\0002\000.\0001\000\040\000g\000e\000t\000M\000o\000d\000e\000l\000\050\000\051}{subsection.4.27.2}% 173
\BOOKMARK [3][-]{subsubsection.4.27.2.2}{\376\377\0004\000.\0002\0007\000.\0002\000.\0002\000\040\000l\000o\000a\000d\000M\000o\000d\000e\000l\000\050\000\051}{subsection.4.27.2}% 174
\BOOKMARK [1][-]{section.4.28}{\376\377\0004\000.\0002\0008\000\040\000O\000p\000t\000i\000o\000n\000C\000o\000n\000t\000r\000o\000l\000\040\000C\000l\000a\000s\000s\000\040\000R\000e\000f\000e\000r\000e\000n\000c\000e}{chapter.4}% 175
\BOOKMARK [2][-]{subsection.4.28.1}{\376\377\0004\000.\0002\0008\000.\0001\000\040\000D\000e\000t\000a\000i\000l\000e\000d\000\040\000D\000e\000s\000c\000r\000i\000p\000t\000i\000o\000n}{section.4.28}% 176
\BOOKMARK [1][-]{section.4.29}{\376\377\0004\000.\0002\0009\000\040\000O\000p\000t\000i\000o\000n\000S\000c\000e\000n\000e\000\040\000C\000l\000a\000s\000s\000\040\000R\000e\000f\000e\000r\000e\000n\000c\000e}{chapter.4}% 177
\BOOKMARK [2][-]{subsection.4.29.1}{\376\377\0004\000.\0002\0009\000.\0001\000\040\000D\000e\000t\000a\000i\000l\000e\000d\000\040\000D\000e\000s\000c\000r\000i\000p\000t\000i\000o\000n}{section.4.29}% 178
\BOOKMARK [2][-]{subsection.4.29.2}{\376\377\0004\000.\0002\0009\000.\0002\000\040\000C\000o\000n\000s\000t\000r\000u\000c\000t\000o\000r\000\040\000\046\000\040\000D\000e\000s\000t\000r\000u\000c\000t\000o\000r\000\040\000D\000o\000c\000u\000m\000e\000n\000t\000a\000t\000i\000o\000n}{section.4.29}% 179
\BOOKMARK [3][-]{subsubsection.4.29.2.1}{\376\377\0004\000.\0002\0009\000.\0002\000.\0001\000\040\000O\000p\000t\000i\000o\000n\000S\000c\000e\000n\000e\000\050\000\051}{subsection.4.29.2}% 180
\BOOKMARK [3][-]{subsubsection.4.29.2.2}{\376\377\0004\000.\0002\0009\000.\0002\000.\0002\000\040\000\040\000O\000p\000t\000i\000o\000n\000S\000c\000e\000n\000e\000\050\000\051}{subsection.4.29.2}% 181
\BOOKMARK [2][-]{subsection.4.29.3}{\376\377\0004\000.\0002\0009\000.\0003\000\040\000M\000e\000m\000b\000e\000r\000\040\000F\000u\000n\000c\000t\000i\000o\000n\000\040\000D\000o\000c\000u\000m\000e\000n\000t\000a\000t\000i\000o\000n}{section.4.29}% 182
\BOOKMARK [3][-]{subsubsection.4.29.3.1}{\376\377\0004\000.\0002\0009\000.\0003\000.\0001\000\040\000g\000e\000t\000E\000v\000e\000n\000t\000R\000e\000c\000e\000i\000v\000e\000r\000\050\000\051}{subsection.4.29.3}% 183
\BOOKMARK [1][-]{section.4.30}{\376\377\0004\000.\0003\0000\000\040\000O\000p\000t\000i\000o\000n\000S\000o\000u\000n\000d\000R\000e\000c\000e\000i\000v\000e\000r\000\040\000C\000l\000a\000s\000s\000\040\000R\000e\000f\000e\000r\000e\000n\000c\000e}{chapter.4}% 184
\BOOKMARK [2][-]{subsection.4.30.1}{\376\377\0004\000.\0003\0000\000.\0001\000\040\000D\000e\000t\000a\000i\000l\000e\000d\000\040\000D\000e\000s\000c\000r\000i\000p\000t\000i\000o\000n}{section.4.30}% 185
\BOOKMARK [2][-]{subsection.4.30.2}{\376\377\0004\000.\0003\0000\000.\0002\000\040\000C\000o\000n\000s\000t\000r\000u\000c\000t\000o\000r\000\040\000\046\000\040\000D\000e\000s\000t\000r\000u\000c\000t\000o\000r\000\040\000D\000o\000c\000u\000m\000e\000n\000t\000a\000t\000i\000o\000n}{section.4.30}% 186
\BOOKMARK [3][-]{subsubsection.4.30.2.1}{\376\377\0004\000.\0003\0000\000.\0002\000.\0001\000\040\000O\000p\000t\000i\000o\000n\000S\000o\000u\000n\000d\000R\000e\000c\000e\000i\000v\000e\000r\000\050\000\051}{subsection.4.30.2}% 187
\BOOKMARK [3][-]{subsubsection.4.30.2.2}{\376\377\0004\000.\0003\0000\000.\0002\000.\0002\000\040\000\040\000O\000p\000t\000i\000o\000n\000S\000o\000u\000n\000d\000R\000e\000c\000e\000i\000v\000e\000r\000\050\000\051}{subsection.4.30.2}% 188
\BOOKMARK [2][-]{subsection.4.30.3}{\376\377\0004\000.\0003\0000\000.\0003\000\040\000M\000e\000m\000b\000e\000r\000\040\000F\000u\000n\000c\000t\000i\000o\000n\000\040\000D\000o\000c\000u\000m\000e\000n\000t\000a\000t\000i\000o\000n}{section.4.30}% 189
\BOOKMARK [3][-]{subsubsection.4.30.3.1}{\376\377\0004\000.\0003\0000\000.\0003\000.\0001\000\040\000O\000n\000E\000v\000e\000n\000t\000\050\000\051}{subsection.4.30.3}% 190
\BOOKMARK [1][-]{section.4.31}{\376\377\0004\000.\0003\0001\000\040\000O\000p\000t\000i\000o\000n\000S\000o\000u\000n\000d\000S\000c\000e\000n\000e\000\040\000C\000l\000a\000s\000s\000\040\000R\000e\000f\000e\000r\000e\000n\000c\000e}{chapter.4}% 191
\BOOKMARK [2][-]{subsection.4.31.1}{\376\377\0004\000.\0003\0001\000.\0001\000\040\000D\000e\000t\000a\000i\000l\000e\000d\000\040\000D\000e\000s\000c\000r\000i\000p\000t\000i\000o\000n}{section.4.31}% 192
\BOOKMARK [2][-]{subsection.4.31.2}{\376\377\0004\000.\0003\0001\000.\0002\000\040\000C\000o\000n\000s\000t\000r\000u\000c\000t\000o\000r\000\040\000\046\000\040\000D\000e\000s\000t\000r\000u\000c\000t\000o\000r\000\040\000D\000o\000c\000u\000m\000e\000n\000t\000a\000t\000i\000o\000n}{section.4.31}% 193
\BOOKMARK [3][-]{subsubsection.4.31.2.1}{\376\377\0004\000.\0003\0001\000.\0002\000.\0001\000\040\000O\000p\000t\000i\000o\000n\000S\000o\000u\000n\000d\000S\000c\000e\000n\000e\000\050\000\051}{subsection.4.31.2}% 194
\BOOKMARK [3][-]{subsubsection.4.31.2.2}{\376\377\0004\000.\0003\0001\000.\0002\000.\0002\000\040\000\040\000O\000p\000t\000i\000o\000n\000S\000o\000u\000n\000d\000S\000c\000e\000n\000e\000\050\000\051}{subsection.4.31.2}% 195
\BOOKMARK [2][-]{subsection.4.31.3}{\376\377\0004\000.\0003\0001\000.\0003\000\040\000M\000e\000m\000b\000e\000r\000\040\000F\000u\000n\000c\000t\000i\000o\000n\000\040\000D\000o\000c\000u\000m\000e\000n\000t\000a\000t\000i\000o\000n}{section.4.31}% 196
\BOOKMARK [3][-]{subsubsection.4.31.3.1}{\376\377\0004\000.\0003\0001\000.\0003\000.\0001\000\040\000g\000e\000t\000E\000v\000e\000n\000t\000R\000e\000c\000e\000i\000v\000e\000r\000\050\000\051}{subsection.4.31.3}% 197
\BOOKMARK [1][-]{section.4.32}{\376\377\0004\000.\0003\0002\000\040\000O\000p\000t\000i\000o\000n\000V\000i\000d\000e\000o\000R\000e\000c\000e\000i\000v\000e\000r\000\040\000C\000l\000a\000s\000s\000\040\000R\000e\000f\000e\000r\000e\000n\000c\000e}{chapter.4}% 198
\BOOKMARK [2][-]{subsection.4.32.1}{\376\377\0004\000.\0003\0002\000.\0001\000\040\000D\000e\000t\000a\000i\000l\000e\000d\000\040\000D\000e\000s\000c\000r\000i\000p\000t\000i\000o\000n}{section.4.32}% 199
\BOOKMARK [2][-]{subsection.4.32.2}{\376\377\0004\000.\0003\0002\000.\0002\000\040\000C\000o\000n\000s\000t\000r\000u\000c\000t\000o\000r\000\040\000\046\000\040\000D\000e\000s\000t\000r\000u\000c\000t\000o\000r\000\040\000D\000o\000c\000u\000m\000e\000n\000t\000a\000t\000i\000o\000n}{section.4.32}% 200
\BOOKMARK [3][-]{subsubsection.4.32.2.1}{\376\377\0004\000.\0003\0002\000.\0002\000.\0001\000\040\000O\000p\000t\000i\000o\000n\000V\000i\000d\000e\000o\000R\000e\000c\000e\000i\000v\000e\000r\000\050\000\051}{subsection.4.32.2}% 201
\BOOKMARK [3][-]{subsubsection.4.32.2.2}{\376\377\0004\000.\0003\0002\000.\0002\000.\0002\000\040\000\040\000O\000p\000t\000i\000o\000n\000V\000i\000d\000e\000o\000R\000e\000c\000e\000i\000v\000e\000r\000\050\000\051}{subsection.4.32.2}% 202
\BOOKMARK [2][-]{subsection.4.32.3}{\376\377\0004\000.\0003\0002\000.\0003\000\040\000M\000e\000m\000b\000e\000r\000\040\000F\000u\000n\000c\000t\000i\000o\000n\000\040\000D\000o\000c\000u\000m\000e\000n\000t\000a\000t\000i\000o\000n}{section.4.32}% 203
\BOOKMARK [3][-]{subsubsection.4.32.3.1}{\376\377\0004\000.\0003\0002\000.\0003\000.\0001\000\040\000O\000n\000E\000v\000e\000n\000t\000\050\000\051}{subsection.4.32.3}% 204
\BOOKMARK [1][-]{section.4.33}{\376\377\0004\000.\0003\0003\000\040\000O\000p\000t\000i\000o\000n\000V\000i\000d\000e\000o\000S\000c\000e\000n\000e\000\040\000C\000l\000a\000s\000s\000\040\000R\000e\000f\000e\000r\000e\000n\000c\000e}{chapter.4}% 205
\BOOKMARK [2][-]{subsection.4.33.1}{\376\377\0004\000.\0003\0003\000.\0001\000\040\000D\000e\000t\000a\000i\000l\000e\000d\000\040\000D\000e\000s\000c\000r\000i\000p\000t\000i\000o\000n}{section.4.33}% 206
\BOOKMARK [2][-]{subsection.4.33.2}{\376\377\0004\000.\0003\0003\000.\0002\000\040\000C\000o\000n\000s\000t\000r\000u\000c\000t\000o\000r\000\040\000\046\000\040\000D\000e\000s\000t\000r\000u\000c\000t\000o\000r\000\040\000D\000o\000c\000u\000m\000e\000n\000t\000a\000t\000i\000o\000n}{section.4.33}% 207
\BOOKMARK [3][-]{subsubsection.4.33.2.1}{\376\377\0004\000.\0003\0003\000.\0002\000.\0001\000\040\000O\000p\000t\000i\000o\000n\000V\000i\000d\000e\000o\000S\000c\000e\000n\000e\000\050\000\051}{subsection.4.33.2}% 208
\BOOKMARK [3][-]{subsubsection.4.33.2.2}{\376\377\0004\000.\0003\0003\000.\0002\000.\0002\000\040\000\040\000O\000p\000t\000i\000o\000n\000V\000i\000d\000e\000o\000S\000c\000e\000n\000e\000\050\000\051}{subsection.4.33.2}% 209
\BOOKMARK [2][-]{subsection.4.33.3}{\376\377\0004\000.\0003\0003\000.\0003\000\040\000M\000e\000m\000b\000e\000r\000\040\000F\000u\000n\000c\000t\000i\000o\000n\000\040\000D\000o\000c\000u\000m\000e\000n\000t\000a\000t\000i\000o\000n}{section.4.33}% 210
\BOOKMARK [3][-]{subsubsection.4.33.3.1}{\376\377\0004\000.\0003\0003\000.\0003\000.\0001\000\040\000g\000e\000t\000E\000v\000e\000n\000t\000R\000e\000c\000e\000i\000v\000e\000r\000\050\000\051}{subsection.4.33.3}% 211
\BOOKMARK [1][-]{section.4.34}{\376\377\0004\000.\0003\0004\000\040\000P\000o\000t\000i\000o\000n\000\040\000C\000l\000a\000s\000s\000\040\000R\000e\000f\000e\000r\000e\000n\000c\000e}{chapter.4}% 212
\BOOKMARK [2][-]{subsection.4.34.1}{\376\377\0004\000.\0003\0004\000.\0001\000\040\000D\000e\000t\000a\000i\000l\000e\000d\000\040\000D\000e\000s\000c\000r\000i\000p\000t\000i\000o\000n}{section.4.34}% 213
\BOOKMARK [2][-]{subsection.4.34.2}{\376\377\0004\000.\0003\0004\000.\0002\000\040\000C\000o\000n\000s\000t\000r\000u\000c\000t\000o\000r\000\040\000\046\000\040\000D\000e\000s\000t\000r\000u\000c\000t\000o\000r\000\040\000D\000o\000c\000u\000m\000e\000n\000t\000a\000t\000i\000o\000n}{section.4.34}% 214
\BOOKMARK [3][-]{subsubsection.4.34.2.1}{\376\377\0004\000.\0003\0004\000.\0002\000.\0001\000\040\000P\000o\000t\000i\000o\000n\000\050\000\051}{subsection.4.34.2}% 215
\BOOKMARK [3][-]{subsubsection.4.34.2.2}{\376\377\0004\000.\0003\0004\000.\0002\000.\0002\000\040\000\040\000P\000o\000t\000i\000o\000n\000\050\000\051}{subsection.4.34.2}% 216
\BOOKMARK [1][-]{section.4.35}{\376\377\0004\000.\0003\0005\000\040\000S\000a\000v\000e\000M\000a\000n\000a\000g\000e\000r\000\040\000C\000l\000a\000s\000s\000\040\000R\000e\000f\000e\000r\000e\000n\000c\000e}{chapter.4}% 217
\BOOKMARK [2][-]{subsection.4.35.1}{\376\377\0004\000.\0003\0005\000.\0001\000\040\000D\000e\000t\000a\000i\000l\000e\000d\000\040\000D\000e\000s\000c\000r\000i\000p\000t\000i\000o\000n}{section.4.35}% 218
\BOOKMARK [2][-]{subsection.4.35.2}{\376\377\0004\000.\0003\0005\000.\0002\000\040\000M\000e\000m\000b\000e\000r\000\040\000F\000u\000n\000c\000t\000i\000o\000n\000\040\000D\000o\000c\000u\000m\000e\000n\000t\000a\000t\000i\000o\000n}{section.4.35}% 219
\BOOKMARK [3][-]{subsubsection.4.35.2.1}{\376\377\0004\000.\0003\0005\000.\0002\000.\0001\000\040\000l\000o\000a\000d\000L\000e\000v\000e\000l\000\050\000\051}{subsection.4.35.2}% 220
\BOOKMARK [3][-]{subsubsection.4.35.2.2}{\376\377\0004\000.\0003\0005\000.\0002\000.\0002\000\040\000s\000a\000v\000e\000L\000e\000v\000e\000l\000\050\000\051}{subsection.4.35.2}% 221
\BOOKMARK [1][-]{section.4.36}{\376\377\0004\000.\0003\0006\000\040\000S\000c\000o\000r\000e\000M\000a\000n\000a\000g\000e\000r\000\040\000C\000l\000a\000s\000s\000\040\000R\000e\000f\000e\000r\000e\000n\000c\000e}{chapter.4}% 222
\BOOKMARK [2][-]{subsection.4.36.1}{\376\377\0004\000.\0003\0006\000.\0001\000\040\000D\000e\000t\000a\000i\000l\000e\000d\000\040\000D\000e\000s\000c\000r\000i\000p\000t\000i\000o\000n}{section.4.36}% 223
\BOOKMARK [2][-]{subsection.4.36.2}{\376\377\0004\000.\0003\0006\000.\0002\000\040\000M\000e\000m\000b\000e\000r\000\040\000F\000u\000n\000c\000t\000i\000o\000n\000\040\000D\000o\000c\000u\000m\000e\000n\000t\000a\000t\000i\000o\000n}{section.4.36}% 224
\BOOKMARK [3][-]{subsubsection.4.36.2.1}{\376\377\0004\000.\0003\0006\000.\0002\000.\0001\000\040\000a\000d\000d\000S\000c\000o\000r\000e\000\050\000\051}{subsection.4.36.2}% 225
\BOOKMARK [3][-]{subsubsection.4.36.2.2}{\376\377\0004\000.\0003\0006\000.\0002\000.\0002\000\040\000c\000h\000a\000n\000g\000e\000S\000c\000o\000r\000e\000\050\000\051}{subsection.4.36.2}% 226
\BOOKMARK [3][-]{subsubsection.4.36.2.3}{\376\377\0004\000.\0003\0006\000.\0002\000.\0003\000\040\000c\000r\000e\000a\000t\000e\000F\000i\000l\000e\000\050\000\051}{subsection.4.36.2}% 227
\BOOKMARK [3][-]{subsubsection.4.36.2.4}{\376\377\0004\000.\0003\0006\000.\0002\000.\0004\000\040\000g\000e\000t\000P\000l\000a\000y\000e\000r\000S\000c\000o\000r\000e\000\050\000\051}{subsection.4.36.2}% 228
\BOOKMARK [3][-]{subsubsection.4.36.2.5}{\376\377\0004\000.\0003\0006\000.\0002\000.\0005\000\040\000l\000o\000a\000d\000S\000c\000o\000r\000e\000s\000\050\000\051}{subsection.4.36.2}% 229
\BOOKMARK [1][-]{section.4.37}{\376\377\0004\000.\0003\0007\000\040\000S\000c\000o\000r\000e\000S\000c\000e\000n\000e\000\040\000C\000l\000a\000s\000s\000\040\000R\000e\000f\000e\000r\000e\000n\000c\000e}{chapter.4}% 230
\BOOKMARK [2][-]{subsection.4.37.1}{\376\377\0004\000.\0003\0007\000.\0001\000\040\000D\000e\000t\000a\000i\000l\000e\000d\000\040\000D\000e\000s\000c\000r\000i\000p\000t\000i\000o\000n}{section.4.37}% 231
\BOOKMARK [2][-]{subsection.4.37.2}{\376\377\0004\000.\0003\0007\000.\0002\000\040\000C\000o\000n\000s\000t\000r\000u\000c\000t\000o\000r\000\040\000\046\000\040\000D\000e\000s\000t\000r\000u\000c\000t\000o\000r\000\040\000D\000o\000c\000u\000m\000e\000n\000t\000a\000t\000i\000o\000n}{section.4.37}% 232
\BOOKMARK [3][-]{subsubsection.4.37.2.1}{\376\377\0004\000.\0003\0007\000.\0002\000.\0001\000\040\000S\000c\000o\000r\000e\000S\000c\000e\000n\000e\000\050\000\051}{subsection.4.37.2}% 233
\BOOKMARK [3][-]{subsubsection.4.37.2.2}{\376\377\0004\000.\0003\0007\000.\0002\000.\0002\000\040\000\040\000S\000c\000o\000r\000e\000S\000c\000e\000n\000e\000\050\000\051}{subsection.4.37.2}% 234
\BOOKMARK [2][-]{subsection.4.37.3}{\376\377\0004\000.\0003\0007\000.\0003\000\040\000M\000e\000m\000b\000e\000r\000\040\000F\000u\000n\000c\000t\000i\000o\000n\000\040\000D\000o\000c\000u\000m\000e\000n\000t\000a\000t\000i\000o\000n}{section.4.37}% 235
\BOOKMARK [3][-]{subsubsection.4.37.3.1}{\376\377\0004\000.\0003\0007\000.\0003\000.\0001\000\040\000g\000e\000t\000E\000v\000e\000n\000t\000R\000e\000c\000e\000i\000v\000e\000r\000\050\000\051}{subsection.4.37.3}% 236
\BOOKMARK [3][-]{subsubsection.4.37.3.2}{\376\377\0004\000.\0003\0007\000.\0003\000.\0002\000\040\000g\000e\000t\000S\000c\000o\000r\000e\000s\000\050\000\051}{subsection.4.37.3}% 237
\BOOKMARK [3][-]{subsubsection.4.37.3.3}{\376\377\0004\000.\0003\0007\000.\0003\000.\0003\000\040\000t\000o\000\137\000W\000S\000t\000r\000i\000n\000g\000\050\000\051}{subsection.4.37.3}% 238
\BOOKMARK [1][-]{section.4.38}{\376\377\0004\000.\0003\0008\000\040\000T\000e\000x\000t\000\040\000C\000l\000a\000s\000s\000\040\000R\000e\000f\000e\000r\000e\000n\000c\000e}{chapter.4}% 239
\BOOKMARK [2][-]{subsection.4.38.1}{\376\377\0004\000.\0003\0008\000.\0001\000\040\000D\000e\000t\000a\000i\000l\000e\000d\000\040\000D\000e\000s\000c\000r\000i\000p\000t\000i\000o\000n}{section.4.38}% 240
\BOOKMARK [2][-]{subsection.4.38.2}{\376\377\0004\000.\0003\0008\000.\0002\000\040\000C\000o\000n\000s\000t\000r\000u\000c\000t\000o\000r\000\040\000\046\000\040\000D\000e\000s\000t\000r\000u\000c\000t\000o\000r\000\040\000D\000o\000c\000u\000m\000e\000n\000t\000a\000t\000i\000o\000n}{section.4.38}% 241
\BOOKMARK [3][-]{subsubsection.4.38.2.1}{\376\377\0004\000.\0003\0008\000.\0002\000.\0001\000\040\000T\000e\000x\000t\000\050\000\051}{subsection.4.38.2}% 242
\BOOKMARK [2][-]{subsection.4.38.3}{\376\377\0004\000.\0003\0008\000.\0003\000\040\000M\000e\000m\000b\000e\000r\000\040\000F\000u\000n\000c\000t\000i\000o\000n\000\040\000D\000o\000c\000u\000m\000e\000n\000t\000a\000t\000i\000o\000n}{section.4.38}% 243
\BOOKMARK [3][-]{subsubsection.4.38.3.1}{\376\377\0004\000.\0003\0008\000.\0003\000.\0001\000\040\000p\000r\000i\000n\000t\000\050\000\051}{subsection.4.38.3}% 244
\BOOKMARK [1][-]{section.4.39}{\376\377\0004\000.\0003\0009\000\040\000W\000i\000n\000d\000o\000w\000\040\000C\000l\000a\000s\000s\000\040\000R\000e\000f\000e\000r\000e\000n\000c\000e}{chapter.4}% 245
\BOOKMARK [2][-]{subsection.4.39.1}{\376\377\0004\000.\0003\0009\000.\0001\000\040\000D\000e\000t\000a\000i\000l\000e\000d\000\040\000D\000e\000s\000c\000r\000i\000p\000t\000i\000o\000n}{section.4.39}% 246
\BOOKMARK [2][-]{subsection.4.39.2}{\376\377\0004\000.\0003\0009\000.\0002\000\040\000C\000o\000n\000s\000t\000r\000u\000c\000t\000o\000r\000\040\000\046\000\040\000D\000e\000s\000t\000r\000u\000c\000t\000o\000r\000\040\000D\000o\000c\000u\000m\000e\000n\000t\000a\000t\000i\000o\000n}{section.4.39}% 247
\BOOKMARK [3][-]{subsubsection.4.39.2.1}{\376\377\0004\000.\0003\0009\000.\0002\000.\0001\000\040\000W\000i\000n\000d\000o\000w\000\050\000\051}{subsection.4.39.2}% 248
\BOOKMARK [3][-]{subsubsection.4.39.2.2}{\376\377\0004\000.\0003\0009\000.\0002\000.\0002\000\040\000\040\000W\000i\000n\000d\000o\000w\000\050\000\051}{subsection.4.39.2}% 249
\BOOKMARK [2][-]{subsection.4.39.3}{\376\377\0004\000.\0003\0009\000.\0003\000\040\000M\000e\000m\000b\000e\000r\000\040\000F\000u\000n\000c\000t\000i\000o\000n\000\040\000D\000o\000c\000u\000m\000e\000n\000t\000a\000t\000i\000o\000n}{section.4.39}% 250
\BOOKMARK [3][-]{subsubsection.4.39.3.1}{\376\377\0004\000.\0003\0009\000.\0003\000.\0001\000\040\000a\000d\000d\000S\000c\000e\000n\000e\000\050\000\051}{subsection.4.39.3}% 251
\BOOKMARK [3][-]{subsubsection.4.39.3.2}{\376\377\0004\000.\0003\0009\000.\0003\000.\0002\000\040\000d\000e\000l\000e\000t\000e\000S\000c\000e\000n\000e\000\050\000\051}{subsection.4.39.3}% 252
\BOOKMARK [3][-]{subsubsection.4.39.3.3}{\376\377\0004\000.\0003\0009\000.\0003\000.\0003\000\040\000i\000s\000O\000p\000e\000n\000\050\000\051}{subsection.4.39.3}% 253
\BOOKMARK [3][-]{subsubsection.4.39.3.4}{\376\377\0004\000.\0003\0009\000.\0003\000.\0004\000\040\000l\000o\000o\000p\000\050\000\051}{subsection.4.39.3}% 254
\BOOKMARK [3][-]{subsubsection.4.39.3.5}{\376\377\0004\000.\0003\0009\000.\0003\000.\0005\000\040\000p\000r\000i\000n\000t\000S\000c\000e\000n\000e\000\050\000\051}{subsection.4.39.3}% 255
\BOOKMARK [3][-]{subsubsection.4.39.3.6}{\376\377\0004\000.\0003\0009\000.\0003\000.\0006\000\040\000s\000e\000t\000C\000u\000r\000r\000e\000n\000t\000S\000c\000e\000n\000e\000\050\000\051}{subsection.4.39.3}% 256
\BOOKMARK [0][-]{chapter.5}{\376\377\0005\000\040\000F\000i\000l\000e\000\040\000D\000o\000c\000u\000m\000e\000n\000t\000a\000t\000i\000o\000n}{}% 257
\BOOKMARK [1][-]{section.5.1}{\376\377\0005\000.\0001\000\040\000i\000n\000c\000/\000e\000x\000c\000e\000p\000t\000i\000o\000n\000/\000E\000x\000c\000e\000p\000t\000i\000o\000n\000.\000h\000h\000\040\000F\000i\000l\000e\000\040\000R\000e\000f\000e\000r\000e\000n\000c\000e}{chapter.5}% 258
\BOOKMARK [2][-]{subsection.5.1.1}{\376\377\0005\000.\0001\000.\0001\000\040\000D\000e\000t\000a\000i\000l\000e\000d\000\040\000D\000e\000s\000c\000r\000i\000p\000t\000i\000o\000n}{section.5.1}% 259
\BOOKMARK [1][-]{section.5.2}{\376\377\0005\000.\0002\000\040\000i\000n\000c\000/\000g\000a\000m\000e\000/\000G\000a\000m\000e\000.\000h\000h\000\040\000F\000i\000l\000e\000\040\000R\000e\000f\000e\000r\000e\000n\000c\000e}{chapter.5}% 260
\BOOKMARK [2][-]{subsection.5.2.1}{\376\377\0005\000.\0002\000.\0001\000\040\000D\000e\000t\000a\000i\000l\000e\000d\000\040\000D\000e\000s\000c\000r\000i\000p\000t\000i\000o\000n}{section.5.2}% 261
\BOOKMARK [1][-]{section.5.3}{\376\377\0005\000.\0003\000\040\000i\000n\000c\000/\000g\000a\000m\000e\000/\000l\000e\000v\000e\000l\000/\000L\000e\000v\000e\000l\000.\000h\000h\000\040\000F\000i\000l\000e\000\040\000R\000e\000f\000e\000r\000e\000n\000c\000e}{chapter.5}% 262
\BOOKMARK [2][-]{subsection.5.3.1}{\376\377\0005\000.\0003\000.\0001\000\040\000D\000e\000t\000a\000i\000l\000e\000d\000\040\000D\000e\000s\000c\000r\000i\000p\000t\000i\000o\000n}{section.5.3}% 263
\BOOKMARK [1][-]{section.5.4}{\376\377\0005\000.\0004\000\040\000i\000n\000c\000/\000g\000a\000m\000e\000/\000l\000e\000v\000e\000l\000/\000M\000a\000p\000.\000h\000h\000\040\000F\000i\000l\000e\000\040\000R\000e\000f\000e\000r\000e\000n\000c\000e}{chapter.5}% 264
\BOOKMARK [2][-]{subsection.5.4.1}{\376\377\0005\000.\0004\000.\0001\000\040\000D\000e\000t\000a\000i\000l\000e\000d\000\040\000D\000e\000s\000c\000r\000i\000p\000t\000i\000o\000n}{section.5.4}% 265
\BOOKMARK [1][-]{section.5.5}{\376\377\0005\000.\0005\000\040\000i\000n\000c\000/\000g\000a\000m\000e\000/\000l\000e\000v\000e\000l\000/\000M\000a\000p\000F\000a\000c\000t\000o\000r\000y\000.\000h\000h\000\040\000F\000i\000l\000e\000\040\000R\000e\000f\000e\000r\000e\000n\000c\000e}{chapter.5}% 266
\BOOKMARK [2][-]{subsection.5.5.1}{\376\377\0005\000.\0005\000.\0001\000\040\000D\000e\000t\000a\000i\000l\000e\000d\000\040\000D\000e\000s\000c\000r\000i\000p\000t\000i\000o\000n}{section.5.5}% 267
\BOOKMARK [1][-]{section.5.6}{\376\377\0005\000.\0006\000\040\000i\000n\000c\000/\000g\000a\000m\000e\000/\000o\000b\000j\000e\000c\000t\000/\000A\000O\000b\000j\000e\000c\000t\000.\000h\000h\000\040\000F\000i\000l\000e\000\040\000R\000e\000f\000e\000r\000e\000n\000c\000e}{chapter.5}% 268
\BOOKMARK [2][-]{subsection.5.6.1}{\376\377\0005\000.\0006\000.\0001\000\040\000D\000e\000t\000a\000i\000l\000e\000d\000\040\000D\000e\000s\000c\000r\000i\000p\000t\000i\000o\000n}{section.5.6}% 269
\BOOKMARK [1][-]{section.5.7}{\376\377\0005\000.\0007\000\040\000i\000n\000c\000/\000g\000a\000m\000e\000/\000o\000b\000j\000e\000c\000t\000/\000A\000P\000i\000c\000k\000a\000b\000l\000e\000.\000h\000h\000\040\000F\000i\000l\000e\000\040\000R\000e\000f\000e\000r\000e\000n\000c\000e}{chapter.5}% 270
\BOOKMARK [2][-]{subsection.5.7.1}{\376\377\0005\000.\0007\000.\0001\000\040\000D\000e\000t\000a\000i\000l\000e\000d\000\040\000D\000e\000s\000c\000r\000i\000p\000t\000i\000o\000n}{section.5.7}% 271
\BOOKMARK [1][-]{section.5.8}{\376\377\0005\000.\0008\000\040\000i\000n\000c\000/\000g\000r\000a\000p\000h\000i\000c\000s\000/\000A\000S\000c\000e\000n\000e\000.\000h\000h\000\040\000F\000i\000l\000e\000\040\000R\000e\000f\000e\000r\000e\000n\000c\000e}{chapter.5}% 272
\BOOKMARK [2][-]{subsection.5.8.1}{\376\377\0005\000.\0008\000.\0001\000\040\000D\000e\000t\000a\000i\000l\000e\000d\000\040\000D\000e\000s\000c\000r\000i\000p\000t\000i\000o\000n}{section.5.8}% 273
\BOOKMARK [1][-]{section.5.9}{\376\377\0005\000.\0009\000\040\000i\000n\000c\000/\000g\000r\000a\000p\000h\000i\000c\000s\000/\000C\000a\000m\000e\000r\000a\000.\000h\000h\000\040\000F\000i\000l\000e\000\040\000R\000e\000f\000e\000r\000e\000n\000c\000e}{chapter.5}% 274
\BOOKMARK [2][-]{subsection.5.9.1}{\376\377\0005\000.\0009\000.\0001\000\040\000D\000e\000t\000a\000i\000l\000e\000d\000\040\000D\000e\000s\000c\000r\000i\000p\000t\000i\000o\000n}{section.5.9}% 275
\BOOKMARK [1][-]{section.5.10}{\376\377\0005\000.\0001\0000\000\040\000i\000n\000c\000/\000g\000r\000a\000p\000h\000i\000c\000s\000/\000s\000c\000e\000n\000e\000s\000/\000e\000v\000e\000n\000t\000s\000/\000G\000a\000m\000e\000M\000e\000n\000u\000R\000e\000c\000e\000i\000v\000e\000r\000.\000h\000h\000\040\000F\000i\000l\000e\000\040\000R\000e\000f\000e\000r\000e\000n\000c\000e}{chapter.5}% 276
\BOOKMARK [2][-]{subsection.5.10.1}{\376\377\0005\000.\0001\0000\000.\0001\000\040\000D\000e\000t\000a\000i\000l\000e\000d\000\040\000D\000e\000s\000c\000r\000i\000p\000t\000i\000o\000n}{section.5.10}% 277
\BOOKMARK [1][-]{section.5.11}{\376\377\0005\000.\0001\0001\000\040\000i\000n\000c\000/\000g\000r\000a\000p\000h\000i\000c\000s\000/\000s\000c\000e\000n\000e\000s\000/\000e\000v\000e\000n\000t\000s\000/\000G\000a\000m\000e\000N\000e\000w\000R\000e\000c\000e\000i\000v\000e\000r\000.\000h\000h\000\040\000F\000i\000l\000e\000\040\000R\000e\000f\000e\000r\000e\000n\000c\000e}{chapter.5}% 278
\BOOKMARK [2][-]{subsection.5.11.1}{\376\377\0005\000.\0001\0001\000.\0001\000\040\000D\000e\000t\000a\000i\000l\000e\000d\000\040\000D\000e\000s\000c\000r\000i\000p\000t\000i\000o\000n}{section.5.11}% 279
\BOOKMARK [1][-]{section.5.12}{\376\377\0005\000.\0001\0002\000\040\000i\000n\000c\000/\000g\000r\000a\000p\000h\000i\000c\000s\000/\000s\000c\000e\000n\000e\000s\000/\000e\000v\000e\000n\000t\000s\000/\000O\000p\000t\000i\000o\000n\000S\000o\000u\000n\000d\000R\000e\000c\000e\000i\000v\000e\000r\000.\000h\000h\000\040\000F\000i\000l\000e\000\040\000R\000e\000f\000e\000r\000e\000n\000c\000e}{chapter.5}% 280
\BOOKMARK [2][-]{subsection.5.12.1}{\376\377\0005\000.\0001\0002\000.\0001\000\040\000D\000e\000t\000a\000i\000l\000e\000d\000\040\000D\000e\000s\000c\000r\000i\000p\000t\000i\000o\000n}{section.5.12}% 281
\BOOKMARK [1][-]{section.5.13}{\376\377\0005\000.\0001\0003\000\040\000i\000n\000c\000/\000g\000r\000a\000p\000h\000i\000c\000s\000/\000s\000c\000e\000n\000e\000s\000/\000e\000v\000e\000n\000t\000s\000/\000O\000p\000t\000i\000o\000n\000V\000i\000d\000e\000o\000R\000e\000c\000e\000i\000v\000e\000r\000.\000h\000h\000\040\000F\000i\000l\000e\000\040\000R\000e\000f\000e\000r\000e\000n\000c\000e}{chapter.5}% 282
\BOOKMARK [2][-]{subsection.5.13.1}{\376\377\0005\000.\0001\0003\000.\0001\000\040\000D\000e\000t\000a\000i\000l\000e\000d\000\040\000D\000e\000s\000c\000r\000i\000p\000t\000i\000o\000n}{section.5.13}% 283
\BOOKMARK [1][-]{section.5.14}{\376\377\0005\000.\0001\0004\000\040\000i\000n\000c\000/\000g\000r\000a\000p\000h\000i\000c\000s\000/\000s\000c\000e\000n\000e\000s\000/\000G\000a\000m\000e\000L\000o\000a\000d\000S\000c\000e\000n\000e\000.\000h\000h\000\040\000F\000i\000l\000e\000\040\000R\000e\000f\000e\000r\000e\000n\000c\000e}{chapter.5}% 284
\BOOKMARK [2][-]{subsection.5.14.1}{\376\377\0005\000.\0001\0004\000.\0001\000\040\000D\000e\000t\000a\000i\000l\000e\000d\000\040\000D\000e\000s\000c\000r\000i\000p\000t\000i\000o\000n}{section.5.14}% 285
\BOOKMARK [1][-]{section.5.15}{\376\377\0005\000.\0001\0005\000\040\000i\000n\000c\000/\000g\000r\000a\000p\000h\000i\000c\000s\000/\000s\000c\000e\000n\000e\000s\000/\000G\000a\000m\000e\000M\000e\000n\000u\000S\000c\000e\000n\000e\000.\000h\000h\000\040\000F\000i\000l\000e\000\040\000R\000e\000f\000e\000r\000e\000n\000c\000e}{chapter.5}% 286
\BOOKMARK [2][-]{subsection.5.15.1}{\376\377\0005\000.\0001\0005\000.\0001\000\040\000D\000e\000t\000a\000i\000l\000e\000d\000\040\000D\000e\000s\000c\000r\000i\000p\000t\000i\000o\000n}{section.5.15}% 287
\BOOKMARK [1][-]{section.5.16}{\376\377\0005\000.\0001\0006\000\040\000i\000n\000c\000/\000g\000r\000a\000p\000h\000i\000c\000s\000/\000s\000c\000e\000n\000e\000s\000/\000G\000a\000m\000e\000N\000e\000w\000S\000c\000e\000n\000e\000.\000h\000h\000\040\000F\000i\000l\000e\000\040\000R\000e\000f\000e\000r\000e\000n\000c\000e}{chapter.5}% 288
\BOOKMARK [2][-]{subsection.5.16.1}{\376\377\0005\000.\0001\0006\000.\0001\000\040\000D\000e\000t\000a\000i\000l\000e\000d\000\040\000D\000e\000s\000c\000r\000i\000p\000t\000i\000o\000n}{section.5.16}% 289
\BOOKMARK [1][-]{section.5.17}{\376\377\0005\000.\0001\0007\000\040\000i\000n\000c\000/\000g\000r\000a\000p\000h\000i\000c\000s\000/\000s\000c\000e\000n\000e\000s\000/\000G\000a\000m\000e\000O\000n\000l\000i\000n\000e\000S\000c\000e\000n\000e\000.\000h\000h\000\040\000F\000i\000l\000e\000\040\000R\000e\000f\000e\000r\000e\000n\000c\000e}{chapter.5}% 290
\BOOKMARK [2][-]{subsection.5.17.1}{\376\377\0005\000.\0001\0007\000.\0001\000\040\000D\000e\000t\000a\000i\000l\000e\000d\000\040\000D\000e\000s\000c\000r\000i\000p\000t\000i\000o\000n}{section.5.17}% 291
\BOOKMARK [1][-]{section.5.18}{\376\377\0005\000.\0001\0008\000\040\000i\000n\000c\000/\000g\000r\000a\000p\000h\000i\000c\000s\000/\000s\000c\000e\000n\000e\000s\000/\000G\000a\000m\000e\000S\000c\000e\000n\000e\000.\000h\000h\000\040\000F\000i\000l\000e\000\040\000R\000e\000f\000e\000r\000e\000n\000c\000e}{chapter.5}% 292
\BOOKMARK [2][-]{subsection.5.18.1}{\376\377\0005\000.\0001\0008\000.\0001\000\040\000D\000e\000t\000a\000i\000l\000e\000d\000\040\000D\000e\000s\000c\000r\000i\000p\000t\000i\000o\000n}{section.5.18}% 293
\BOOKMARK [1][-]{section.5.19}{\376\377\0005\000.\0001\0009\000\040\000i\000n\000c\000/\000g\000r\000a\000p\000h\000i\000c\000s\000/\000s\000c\000e\000n\000e\000s\000/\000G\000a\000m\000e\000S\000i\000m\000u\000l\000a\000t\000i\000o\000n\000S\000c\000e\000n\000e\000.\000h\000h\000\040\000F\000i\000l\000e\000\040\000R\000e\000f\000e\000r\000e\000n\000c\000e}{chapter.5}% 294
\BOOKMARK [2][-]{subsection.5.19.1}{\376\377\0005\000.\0001\0009\000.\0001\000\040\000D\000e\000t\000a\000i\000l\000e\000d\000\040\000D\000e\000s\000c\000r\000i\000p\000t\000i\000o\000n}{section.5.19}% 295
\BOOKMARK [1][-]{section.5.20}{\376\377\0005\000.\0002\0000\000\040\000i\000n\000c\000/\000g\000r\000a\000p\000h\000i\000c\000s\000/\000s\000c\000e\000n\000e\000s\000/\000I\000n\000t\000r\000o\000S\000c\000e\000n\000e\000.\000h\000h\000\040\000F\000i\000l\000e\000\040\000R\000e\000f\000e\000r\000e\000n\000c\000e}{chapter.5}% 296
\BOOKMARK [2][-]{subsection.5.20.1}{\376\377\0005\000.\0002\0000\000.\0001\000\040\000D\000e\000t\000a\000i\000l\000e\000d\000\040\000D\000e\000s\000c\000r\000i\000p\000t\000i\000o\000n}{section.5.20}% 297
\BOOKMARK [1][-]{section.5.21}{\376\377\0005\000.\0002\0001\000\040\000i\000n\000c\000/\000g\000r\000a\000p\000h\000i\000c\000s\000/\000s\000c\000e\000n\000e\000s\000/\000L\000e\000g\000e\000n\000d\000S\000c\000e\000n\000e\000.\000h\000h\000\040\000F\000i\000l\000e\000\040\000R\000e\000f\000e\000r\000e\000n\000c\000e}{chapter.5}% 298
\BOOKMARK [2][-]{subsection.5.21.1}{\376\377\0005\000.\0002\0001\000.\0001\000\040\000D\000e\000t\000a\000i\000l\000e\000d\000\040\000D\000e\000s\000c\000r\000i\000p\000t\000i\000o\000n}{section.5.21}% 299
\BOOKMARK [1][-]{section.5.22}{\376\377\0005\000.\0002\0002\000\040\000i\000n\000c\000/\000g\000r\000a\000p\000h\000i\000c\000s\000/\000s\000c\000e\000n\000e\000s\000/\000M\000a\000i\000n\000S\000c\000e\000n\000e\000.\000h\000h\000\040\000F\000i\000l\000e\000\040\000R\000e\000f\000e\000r\000e\000n\000c\000e}{chapter.5}% 300
\BOOKMARK [2][-]{subsection.5.22.1}{\376\377\0005\000.\0002\0002\000.\0001\000\040\000D\000e\000t\000a\000i\000l\000e\000d\000\040\000D\000e\000s\000c\000r\000i\000p\000t\000i\000o\000n}{section.5.22}% 301
\BOOKMARK [1][-]{section.5.23}{\376\377\0005\000.\0002\0003\000\040\000i\000n\000c\000/\000g\000r\000a\000p\000h\000i\000c\000s\000/\000s\000c\000e\000n\000e\000s\000/\000O\000p\000t\000i\000o\000n\000C\000o\000n\000t\000r\000o\000l\000S\000c\000e\000n\000e\000.\000h\000h\000\040\000F\000i\000l\000e\000\040\000R\000e\000f\000e\000r\000e\000n\000c\000e}{chapter.5}% 302
\BOOKMARK [2][-]{subsection.5.23.1}{\376\377\0005\000.\0002\0003\000.\0001\000\040\000D\000e\000t\000a\000i\000l\000e\000d\000\040\000D\000e\000s\000c\000r\000i\000p\000t\000i\000o\000n}{section.5.23}% 303
\BOOKMARK [1][-]{section.5.24}{\376\377\0005\000.\0002\0004\000\040\000i\000n\000c\000/\000g\000r\000a\000p\000h\000i\000c\000s\000/\000s\000c\000e\000n\000e\000s\000/\000O\000p\000t\000i\000o\000n\000S\000c\000e\000n\000e\000.\000h\000h\000\040\000F\000i\000l\000e\000\040\000R\000e\000f\000e\000r\000e\000n\000c\000e}{chapter.5}% 304
\BOOKMARK [2][-]{subsection.5.24.1}{\376\377\0005\000.\0002\0004\000.\0001\000\040\000D\000e\000t\000a\000i\000l\000e\000d\000\040\000D\000e\000s\000c\000r\000i\000p\000t\000i\000o\000n}{section.5.24}% 305
\BOOKMARK [1][-]{section.5.25}{\376\377\0005\000.\0002\0005\000\040\000i\000n\000c\000/\000g\000r\000a\000p\000h\000i\000c\000s\000/\000s\000c\000e\000n\000e\000s\000/\000O\000p\000t\000i\000o\000n\000S\000o\000u\000n\000d\000S\000c\000e\000n\000e\000.\000h\000h\000\040\000F\000i\000l\000e\000\040\000R\000e\000f\000e\000r\000e\000n\000c\000e}{chapter.5}% 306
\BOOKMARK [2][-]{subsection.5.25.1}{\376\377\0005\000.\0002\0005\000.\0001\000\040\000D\000e\000t\000a\000i\000l\000e\000d\000\040\000D\000e\000s\000c\000r\000i\000p\000t\000i\000o\000n}{section.5.25}% 307
\BOOKMARK [1][-]{section.5.26}{\376\377\0005\000.\0002\0006\000\040\000i\000n\000c\000/\000g\000r\000a\000p\000h\000i\000c\000s\000/\000s\000c\000e\000n\000e\000s\000/\000O\000p\000t\000i\000o\000n\000V\000i\000d\000e\000o\000S\000c\000e\000n\000e\000.\000h\000h\000\040\000F\000i\000l\000e\000\040\000R\000e\000f\000e\000r\000e\000n\000c\000e}{chapter.5}% 308
\BOOKMARK [2][-]{subsection.5.26.1}{\376\377\0005\000.\0002\0006\000.\0001\000\040\000D\000e\000t\000a\000i\000l\000e\000d\000\040\000D\000e\000s\000c\000r\000i\000p\000t\000i\000o\000n}{section.5.26}% 309
\BOOKMARK [1][-]{section.5.27}{\376\377\0005\000.\0002\0007\000\040\000i\000n\000c\000/\000g\000r\000a\000p\000h\000i\000c\000s\000/\000s\000c\000e\000n\000e\000s\000/\000S\000c\000o\000r\000e\000S\000c\000e\000n\000e\000.\000h\000h\000\040\000F\000i\000l\000e\000\040\000R\000e\000f\000e\000r\000e\000n\000c\000e}{chapter.5}% 310
\BOOKMARK [2][-]{subsection.5.27.1}{\376\377\0005\000.\0002\0007\000.\0001\000\040\000D\000e\000t\000a\000i\000l\000e\000d\000\040\000D\000e\000s\000c\000r\000i\000p\000t\000i\000o\000n}{section.5.27}% 311
\BOOKMARK [1][-]{section.5.28}{\376\377\0005\000.\0002\0008\000\040\000i\000n\000c\000/\000g\000r\000a\000p\000h\000i\000c\000s\000/\000w\000i\000d\000g\000e\000t\000s\000/\000B\000u\000t\000t\000o\000n\000.\000h\000h\000\040\000F\000i\000l\000e\000\040\000R\000e\000f\000e\000r\000e\000n\000c\000e}{chapter.5}% 312
\BOOKMARK [2][-]{subsection.5.28.1}{\376\377\0005\000.\0002\0008\000.\0001\000\040\000D\000e\000t\000a\000i\000l\000e\000d\000\040\000D\000e\000s\000c\000r\000i\000p\000t\000i\000o\000n}{section.5.28}% 313
\BOOKMARK [1][-]{section.5.29}{\376\377\0005\000.\0002\0009\000\040\000i\000n\000c\000/\000g\000r\000a\000p\000h\000i\000c\000s\000/\000w\000i\000d\000g\000e\000t\000s\000/\000I\000m\000a\000g\000e\000.\000h\000h\000\040\000F\000i\000l\000e\000\040\000R\000e\000f\000e\000r\000e\000n\000c\000e}{chapter.5}% 314
\BOOKMARK [2][-]{subsection.5.29.1}{\376\377\0005\000.\0002\0009\000.\0001\000\040\000D\000e\000t\000a\000i\000l\000e\000d\000\040\000D\000e\000s\000c\000r\000i\000p\000t\000i\000o\000n}{section.5.29}% 315
\BOOKMARK [1][-]{section.5.30}{\376\377\0005\000.\0003\0000\000\040\000i\000n\000c\000/\000g\000r\000a\000p\000h\000i\000c\000s\000/\000w\000i\000d\000g\000e\000t\000s\000/\000I\000W\000i\000d\000g\000e\000t\000.\000h\000h\000\040\000F\000i\000l\000e\000\040\000R\000e\000f\000e\000r\000e\000n\000c\000e}{chapter.5}% 316
\BOOKMARK [2][-]{subsection.5.30.1}{\376\377\0005\000.\0003\0000\000.\0001\000\040\000D\000e\000t\000a\000i\000l\000e\000d\000\040\000D\000e\000s\000c\000r\000i\000p\000t\000i\000o\000n}{section.5.30}% 317
\BOOKMARK [1][-]{section.5.31}{\376\377\0005\000.\0003\0001\000\040\000i\000n\000c\000/\000g\000r\000a\000p\000h\000i\000c\000s\000/\000w\000i\000d\000g\000e\000t\000s\000/\000M\000o\000d\000e\000l\0003\000d\000.\000h\000h\000\040\000F\000i\000l\000e\000\040\000R\000e\000f\000e\000r\000e\000n\000c\000e}{chapter.5}% 318
\BOOKMARK [2][-]{subsection.5.31.1}{\376\377\0005\000.\0003\0001\000.\0001\000\040\000D\000e\000t\000a\000i\000l\000e\000d\000\040\000D\000e\000s\000c\000r\000i\000p\000t\000i\000o\000n}{section.5.31}% 319
\BOOKMARK [1][-]{section.5.32}{\376\377\0005\000.\0003\0002\000\040\000i\000n\000c\000/\000g\000r\000a\000p\000h\000i\000c\000s\000/\000w\000i\000d\000g\000e\000t\000s\000/\000T\000e\000x\000t\000.\000h\000h\000\040\000F\000i\000l\000e\000\040\000R\000e\000f\000e\000r\000e\000n\000c\000e}{chapter.5}% 320
\BOOKMARK [2][-]{subsection.5.32.1}{\376\377\0005\000.\0003\0002\000.\0001\000\040\000D\000e\000t\000a\000i\000l\000e\000d\000\040\000D\000e\000s\000c\000r\000i\000p\000t\000i\000o\000n}{section.5.32}% 321
\BOOKMARK [1][-]{section.5.33}{\376\377\0005\000.\0003\0003\000\040\000i\000n\000c\000/\000g\000r\000a\000p\000h\000i\000c\000s\000/\000W\000i\000n\000d\000o\000w\000.\000h\000h\000\040\000F\000i\000l\000e\000\040\000R\000e\000f\000e\000r\000e\000n\000c\000e}{chapter.5}% 322
\BOOKMARK [2][-]{subsection.5.33.1}{\376\377\0005\000.\0003\0003\000.\0001\000\040\000D\000e\000t\000a\000i\000l\000e\000d\000\040\000D\000e\000s\000c\000r\000i\000p\000t\000i\000o\000n}{section.5.33}% 323
\BOOKMARK [1][-]{section.5.34}{\376\377\0005\000.\0003\0004\000\040\000i\000n\000c\000/\000m\000a\000n\000a\000g\000e\000r\000s\000/\000c\000o\000n\000f\000i\000g\000/\000M\000o\000d\000e\000l\000.\000h\000h\000\040\000F\000i\000l\000e\000\040\000R\000e\000f\000e\000r\000e\000n\000c\000e}{chapter.5}% 324
\BOOKMARK [2][-]{subsection.5.34.1}{\376\377\0005\000.\0003\0004\000.\0001\000\040\000D\000e\000t\000a\000i\000l\000e\000d\000\040\000D\000e\000s\000c\000r\000i\000p\000t\000i\000o\000n}{section.5.34}% 325
\BOOKMARK [1][-]{section.5.35}{\376\377\0005\000.\0003\0005\000\040\000i\000n\000c\000/\000m\000a\000n\000a\000g\000e\000r\000s\000/\000C\000o\000n\000f\000i\000g\000M\000a\000n\000a\000g\000e\000r\000.\000h\000h\000\040\000F\000i\000l\000e\000\040\000R\000e\000f\000e\000r\000e\000n\000c\000e}{chapter.5}% 326
\BOOKMARK [2][-]{subsection.5.35.1}{\376\377\0005\000.\0003\0005\000.\0001\000\040\000D\000e\000t\000a\000i\000l\000e\000d\000\040\000D\000e\000s\000c\000r\000i\000p\000t\000i\000o\000n}{section.5.35}% 327
\BOOKMARK [1][-]{section.5.36}{\376\377\0005\000.\0003\0006\000\040\000i\000n\000c\000/\000m\000a\000n\000a\000g\000e\000r\000s\000/\000C\000o\000r\000e\000M\000a\000n\000a\000g\000e\000r\000.\000h\000h\000\040\000F\000i\000l\000e\000\040\000R\000e\000f\000e\000r\000e\000n\000c\000e}{chapter.5}% 328
\BOOKMARK [2][-]{subsection.5.36.1}{\376\377\0005\000.\0003\0006\000.\0001\000\040\000D\000e\000t\000a\000i\000l\000e\000d\000\040\000D\000e\000s\000c\000r\000i\000p\000t\000i\000o\000n}{section.5.36}% 329
\BOOKMARK [1][-]{section.5.37}{\376\377\0005\000.\0003\0007\000\040\000i\000n\000c\000/\000m\000a\000n\000a\000g\000e\000r\000s\000/\000L\000e\000v\000e\000l\000M\000a\000n\000a\000g\000e\000r\000.\000h\000h\000\040\000F\000i\000l\000e\000\040\000R\000e\000f\000e\000r\000e\000n\000c\000e}{chapter.5}% 330
\BOOKMARK [2][-]{subsection.5.37.1}{\376\377\0005\000.\0003\0007\000.\0001\000\040\000D\000e\000t\000a\000i\000l\000e\000d\000\040\000D\000e\000s\000c\000r\000i\000p\000t\000i\000o\000n}{section.5.37}% 331
\BOOKMARK [1][-]{section.5.38}{\376\377\0005\000.\0003\0008\000\040\000i\000n\000c\000/\000m\000a\000n\000a\000g\000e\000r\000s\000/\000M\000o\000d\000e\000l\000s\000M\000a\000n\000a\000g\000e\000r\000.\000h\000h\000\040\000F\000i\000l\000e\000\040\000R\000e\000f\000e\000r\000e\000n\000c\000e}{chapter.5}% 332
\BOOKMARK [2][-]{subsection.5.38.1}{\376\377\0005\000.\0003\0008\000.\0001\000\040\000D\000e\000t\000a\000i\000l\000e\000d\000\040\000D\000e\000s\000c\000r\000i\000p\000t\000i\000o\000n}{section.5.38}% 333
\BOOKMARK [1][-]{section.5.39}{\376\377\0005\000.\0003\0009\000\040\000i\000n\000c\000/\000m\000a\000n\000a\000g\000e\000r\000s\000/\000S\000a\000v\000e\000M\000a\000n\000a\000g\000e\000r\000.\000h\000h\000\040\000F\000i\000l\000e\000\040\000R\000e\000f\000e\000r\000e\000n\000c\000e}{chapter.5}% 334
\BOOKMARK [2][-]{subsection.5.39.1}{\376\377\0005\000.\0003\0009\000.\0001\000\040\000D\000e\000t\000a\000i\000l\000e\000d\000\040\000D\000e\000s\000c\000r\000i\000p\000t\000i\000o\000n}{section.5.39}% 335
\BOOKMARK [1][-]{section.5.40}{\376\377\0005\000.\0004\0000\000\040\000i\000n\000c\000/\000m\000a\000n\000a\000g\000e\000r\000s\000/\000S\000c\000o\000r\000e\000M\000a\000n\000a\000g\000e\000r\000.\000h\000h\000\040\000F\000i\000l\000e\000\040\000R\000e\000f\000e\000r\000e\000n\000c\000e}{chapter.5}% 336
\BOOKMARK [2][-]{subsection.5.40.1}{\376\377\0005\000.\0004\0000\000.\0001\000\040\000D\000e\000t\000a\000i\000l\000e\000d\000\040\000D\000e\000s\000c\000r\000i\000p\000t\000i\000o\000n}{section.5.40}% 337
\BOOKMARK [0][-]{section*.99}{\376\377\000I\000n\000d\000e\000x}{}% 338
